апр. 04, 2024 1:17:29 PM Main getData
INFO: Чтение из файла: D:\PracticeTask\nginx\access.log
апр. 04, 2024 1:17:30 PM Main getData
INFO: Данные успешно прочитаны из файла D:\PracticeTask\nginx\access.log
апр. 04, 2024 1:17:30 PM Main getData
INFO: Чтение из файла: D:\PracticeTask\tomсat\localhost_access_log.2024-03-05.txt
апр. 04, 2024 1:17:30 PM Main getData
INFO: Данные успешно прочитаны из файла D:\PracticeTask\tomсat\localhost_access_log.2024-03-05.txt
апр. 04, 2024 1:17:30 PM Main getData
INFO: Чтение из файла: D:\PracticeTask\mysql\mysql-slow.log
апр. 04, 2024 1:17:30 PM Main getData
INFO: Данные успешно прочитаны из файла D:\PracticeTask\mysql\mysql-slow.log
апр. 04, 2024 1:17:37 PM Main matchedRequests
INFO: Соответствующие данные успешно добавлены в файл!
апр. 04, 2024 1:17:37 PM Main matchedRequests
INFO: Соответствующие данные успешно добавлены в файл!
апр. 04, 2024 1:17:37 PM Main matchedRequests
INFO: Соответствующие данные успешно добавлены в файл!
апр. 04, 2024 1:17:37 PM Main matchedRequests
INFO: Соответствующие данные успешно добавлены в файл!
апр. 04, 2024 1:17:37 PM Main matchedRequests
INFO: Соответствующие данные успешно добавлены в файл!
апр. 04, 2024 1:17:37 PM Main matchedRequests
INFO: Соответствующие данные успешно добавлены в файл!
апр. 04, 2024 1:17:37 PM Main matchedRequests
INFO: Соответствующие данные успешно добавлены в файл!
апр. 04, 2024 1:17:37 PM Main matchedRequests
INFO: Соответствующие данные успешно добавлены в файл!
апр. 04, 2024 1:17:37 PM Main matchedRequests
INFO: Соответствующие данные успешно добавлены в файл!
апр. 04, 2024 1:17:37 PM Main matchedRequests
INFO: Соответствующие данные успешно добавлены в файл!
апр. 04, 2024 1:17:37 PM Main matchedRequests
INFO: Соответствующие данные успешно добавлены в файл!
апр. 04, 2024 1:17:37 PM Main matchedRequests
INFO: Соответствующие данные успешно добавлены в файл!
апр. 04, 2024 1:17:37 PM Main matchedRequests
INFO: Соответствующие данные успешно добавлены в файл!
апр. 04, 2024 1:17:37 PM Main matchedRequests
INFO: Соответствующие данные успешно добавлены в файл!
апр. 04, 2024 1:17:37 PM Main matchedRequests
INFO: Соответствующие данные успешно добавлены в файл!
апр. 04, 2024 1:17:37 PM Main matchedRequests
INFO: Соответствующие данные успешно добавлены в файл!
апр. 04, 2024 1:17:37 PM Main matchedRequests
INFO: Соответствующие данные успешно добавлены в файл!
апр. 04, 2024 1:17:37 PM Main matchedRequests
INFO: Соответствующие данные успешно добавлены в файл!
апр. 04, 2024 1:17:37 PM Main matchedRequests
INFO: Соответствующие данные успешно добавлены в файл!
апр. 04, 2024 1:17:37 PM Main matchedRequests
INFO: Соответствующие данные успешно добавлены в файл!
апр. 04, 2024 1:17:37 PM Main matchedRequests
INFO: Соответствующие данные успешно добавлены в файл!
апр. 04, 2024 1:17:37 PM Main matchedRequests
INFO: Соответствующие данные успешно добавлены в файл!
апр. 04, 2024 1:17:37 PM Main matchedRequests
INFO: Соответствующие данные успешно добавлены в файл!
апр. 04, 2024 1:17:37 PM Main matchedRequests
INFO: Соответствующие данные успешно добавлены в файл!
апр. 04, 2024 1:17:37 PM Main matchedRequests
INFO: Соответствующие данные успешно добавлены в файл!
