#
# There is insufficient memory for the Java Runtime Environment to continue.
# Native memory allocation (mmap) failed to map 209715200 bytes for G1 virtual space
# Possible reasons:
#   The system is out of physical RAM or swap space
#   The process is running with CompressedOops enabled, and the Java Heap may be blocking the growth of the native heap
# Possible solutions:
#   Reduce memory load on the system
#   Increase physical memory or swap space
#   Check if swap backing store is full
#   Decrease Java heap size (-Xmx/-Xms)
#   Decrease number of Java threads
#   Decrease Java thread stack sizes (-Xss)
#   Set larger code cache with -XX:ReservedCodeCacheSize=
#   JVM is running with Zero Based Compressed Oops mode in which the Java heap is
#     placed in the first 32GB address space. The Java Heap base address is the
#     maximum limit for the native heap growth. Please use -XX:HeapBaseMinAddress
#     to set the Java Heap base and to place the Java Heap above 32GB virtual address.
# This output file may be truncated or incomplete.
#
#  Out of Memory Error (os_windows.cpp:3532), pid=9976, tid=5816
#
# JRE version: Java(TM) SE Runtime Environment (17.0.2+8) (build 17.0.2+8-LTS-86)
# Java VM: Java HotSpot(TM) 64-Bit Server VM (17.0.2+8-LTS-86, mixed mode, sharing, tiered, compressed oops, compressed class ptrs, g1 gc, windows-amd64)
# No core dump will be written. Minidumps are not enabled by default on client versions of Windows
#

---------------  S U M M A R Y ------------

Command Line: -javaagent:D:\Intell IJ\IntelliJ IDEA Community Edition 2022.1.1\lib\idea_rt.jar=11485:D:\Intell IJ\IntelliJ IDEA Community Edition 2022.1.1\bin -Dfile.encoding=UTF-8 Main

Host: Intel(R) Core(TM) i7-1065G7 CPU @ 1.30GHz, 8 cores, 15G,  Windows 10 , 64 bit Build 17763 (10.0.17763.4974)
Time: Wed Mar 27 19:13:21 2024 Беларусь (зима) elapsed time: 0.498980 seconds (0d 0h 0m 0s)

---------------  T H R E A D  ---------------

Current thread (0x0000023db8e1eb50):  VMThread "VM Thread" [stack: 0x000000467b500000,0x000000467b600000] [id=5816]

Stack: [0x000000467b500000,0x000000467b600000]
Native frames: (J=compiled Java code, j=interpreted, Vv=VM code, C=native code)
V  [jvm.dll+0x670baa]
V  [jvm.dll+0x7cfcb4]
V  [jvm.dll+0x7d145e]
V  [jvm.dll+0x7d1ac3]
V  [jvm.dll+0x242bc5]
V  [jvm.dll+0x66dac9]
V  [jvm.dll+0x662412]
V  [jvm.dll+0x300c0b]
V  [jvm.dll+0x3081a6]
V  [jvm.dll+0x357d0e]
V  [jvm.dll+0x357f3f]
V  [jvm.dll+0x2d7ec8]
V  [jvm.dll+0x2d6194]
V  [jvm.dll+0x2d579c]
V  [jvm.dll+0x319411]
V  [jvm.dll+0x7d5f9b]
V  [jvm.dll+0x7d6cd4]
V  [jvm.dll+0x7d71ec]
V  [jvm.dll+0x7d75c4]
V  [jvm.dll+0x7d7690]
V  [jvm.dll+0x77ff7a]
V  [jvm.dll+0x66fa35]
C  [ucrtbase.dll+0x2268a]
C  [KERNEL32.DLL+0x17ac4]
C  [ntdll.dll+0x5a4e1]

VM_Operation (0x000000467affd8a0): G1TryInitiateConcMark, mode: safepoint, requested by thread 0x0000023d942b73e0


---------------  P R O C E S S  ---------------

Threads class SMR info:
_java_thread_list=0x0000023db9a417b0, length=15, elements={
0x0000023d942b73e0, 0x0000023db8e22db0, 0x0000023db8e24970, 0x0000023db8e35d00,
0x0000023db8e386d0, 0x0000023db8e3b8a0, 0x0000023db8e3e670, 0x0000023db8e42900,
0x0000023db8e4b3b0, 0x0000023db8e4ddb0, 0x0000023db98f14f0, 0x0000023db996cf20,
0x0000023db996d3f0, 0x0000023db9a1bbe0, 0x0000023dba5a4010
}

Java Threads: ( => current thread )
  0x0000023d942b73e0 JavaThread "main" [_thread_blocked, id=18048, stack(0x000000467af00000,0x000000467b000000)]
  0x0000023db8e22db0 JavaThread "Reference Handler" daemon [_thread_blocked, id=22888, stack(0x000000467b600000,0x000000467b700000)]
  0x0000023db8e24970 JavaThread "Finalizer" daemon [_thread_blocked, id=20728, stack(0x000000467b700000,0x000000467b800000)]
  0x0000023db8e35d00 JavaThread "Signal Dispatcher" daemon [_thread_blocked, id=20488, stack(0x000000467b800000,0x000000467b900000)]
  0x0000023db8e386d0 JavaThread "Attach Listener" daemon [_thread_blocked, id=7468, stack(0x000000467b900000,0x000000467ba00000)]
  0x0000023db8e3b8a0 JavaThread "Service Thread" daemon [_thread_blocked, id=1120, stack(0x000000467ba00000,0x000000467bb00000)]
  0x0000023db8e3e670 JavaThread "Monitor Deflation Thread" daemon [_thread_blocked, id=10720, stack(0x000000467bb00000,0x000000467bc00000)]
  0x0000023db8e42900 JavaThread "C2 CompilerThread0" daemon [_thread_blocked, id=19896, stack(0x000000467bc00000,0x000000467bd00000)]
  0x0000023db8e4b3b0 JavaThread "C1 CompilerThread0" daemon [_thread_blocked, id=13940, stack(0x000000467bd00000,0x000000467be00000)]
  0x0000023db8e4ddb0 JavaThread "Sweeper thread" daemon [_thread_blocked, id=15292, stack(0x000000467be00000,0x000000467bf00000)]
  0x0000023db98f14f0 JavaThread "Common-Cleaner" daemon [_thread_blocked, id=21016, stack(0x000000467bf00000,0x000000467c000000)]
  0x0000023db996cf20 JavaThread "Monitor Ctrl-Break" daemon [_thread_in_native, id=4404, stack(0x000000467c000000,0x000000467c100000)]
  0x0000023db996d3f0 JavaThread "Notification Thread" daemon [_thread_blocked, id=12352, stack(0x000000467c100000,0x000000467c200000)]
  0x0000023db9a1bbe0 JavaThread "C2 CompilerThread1" daemon [_thread_blocked, id=14392, stack(0x000000467c300000,0x000000467c400000)]
  0x0000023dba5a4010 JavaThread "C2 CompilerThread2" daemon [_thread_blocked, id=13376, stack(0x000000467c900000,0x000000467ca00000)]

Other Threads:
=>0x0000023db8e1eb50 VMThread "VM Thread" [stack: 0x000000467b500000,0x000000467b600000] [id=5816]
  0x0000023db996e550 WatcherThread [stack: 0x000000467c200000,0x000000467c300000] [id=11968]
  0x0000023d94306370 GCTaskThread "GC Thread#0" [stack: 0x000000467b000000,0x000000467b100000] [id=19980]
  0x0000023db9a3fb40 GCTaskThread "GC Thread#1" [stack: 0x000000467c400000,0x000000467c500000] [id=20976]
  0x0000023db9bd4f70 GCTaskThread "GC Thread#2" [stack: 0x000000467c500000,0x000000467c600000] [id=21212]
  0x0000023db9bd5220 GCTaskThread "GC Thread#3" [stack: 0x000000467c600000,0x000000467c700000] [id=18704]
  0x0000023db9bd54d0 GCTaskThread "GC Thread#4" [stack: 0x000000467c700000,0x000000467c800000] [id=6332]
  0x0000023db9ac7210 GCTaskThread "GC Thread#5" [stack: 0x000000467c800000,0x000000467c900000] [id=9696]
  0x0000023d94317f10 ConcurrentGCThread "G1 Main Marker" [stack: 0x000000467b100000,0x000000467b200000] [id=16708]
  0x0000023d943194e0 ConcurrentGCThread "G1 Conc#0" [stack: 0x000000467b200000,0x000000467b300000] [id=16820]
  0x0000023d943703d0 ConcurrentGCThread "G1 Refine#0" [stack: 0x000000467b300000,0x000000467b400000] [id=12256]
  0x0000023d94370df0 ConcurrentGCThread "G1 Service" [stack: 0x000000467b400000,0x000000467b500000] [id=14792]

Threads with active compile tasks:

VM state: at safepoint (normal execution)

VM Mutex/Monitor currently owned by a thread:  ([mutex/lock_event])
[0x0000023d94162f50] Threads_lock - owner thread: 0x0000023db8e1eb50
[0x0000023d94163a90] Heap_lock - owner thread: 0x0000023d942b73e0

Heap address: 0x0000000703a00000, size: 4038 MB, Compressed Oops mode: Zero based, Oop shift amount: 3

CDS archive(s) mapped at: [0x0000000800000000-0x0000000800bc0000-0x0000000800bc0000), size 12320768, SharedBaseAddress: 0x0000000800000000, ArchiveRelocationMode: 0.
Compressed class space mapped at: 0x0000000800c00000-0x0000000840c00000, reserved size: 1073741824
Narrow klass base: 0x0000000800000000, Narrow klass shift: 0, Narrow klass range: 0x100000000

GC Precious Log:
 CPUs: 8 total, 8 available
 Memory: 16151M
 Large Page Support: Disabled
 NUMA Support: Disabled
 Compressed Oops: Enabled (Zero based)
 Heap Region Size: 2M
 Heap Min Capacity: 8M
 Heap Initial Capacity: 254M
 Heap Max Capacity: 4038M
 Pre-touch: Disabled
 Parallel Workers: 8
 Concurrent Workers: 2
 Concurrent Refinement Workers: 8
 Periodic GC: Disabled

Heap:
 garbage-first heap   total 260096K, used 102745K [0x0000000703a00000, 0x0000000800000000)
  region size 2048K, 1 young (2048K), 1 survivors (2048K)
 Metaspace       used 923K, committed 1152K, reserved 1056768K
  class space    used 72K, committed 192K, reserved 1048576K

Heap Regions: E=young(eden), S=young(survivor), O=old, HS=humongous(starts), HC=humongous(continues), CS=collection set, F=free, OA=open archive, CA=closed archive, TAMS=top-at-mark-start (previous, next)
|   0|0x0000000703a00000, 0x0000000703c00000, 0x0000000703c00000|100%| O|  |TAMS 0x0000000703a00000, 0x0000000703c00000| Untracked 
|   1|0x0000000703c00000, 0x0000000703e00000, 0x0000000703e00000|100%| O|  |TAMS 0x0000000703c00000, 0x0000000703e00000| Untracked 
|   2|0x0000000703e00000, 0x0000000704000000, 0x0000000704000000|100%| O|  |TAMS 0x0000000703e00000, 0x0000000704000000| Untracked 
|   3|0x0000000704000000, 0x0000000704200000, 0x0000000704200000|100%| O|  |TAMS 0x0000000704000000, 0x0000000704200000| Untracked 
|   4|0x0000000704200000, 0x0000000704400000, 0x0000000704400000|100%| O|  |TAMS 0x0000000704200000, 0x0000000704400000| Untracked 
|   5|0x0000000704400000, 0x0000000704600000, 0x0000000704600000|100%| O|  |TAMS 0x0000000704400000, 0x0000000704600000| Untracked 
|   6|0x0000000704600000, 0x0000000704800000, 0x0000000704800000|100%| O|  |TAMS 0x0000000704600000, 0x0000000704800000| Untracked 
|   7|0x0000000704800000, 0x0000000704a00000, 0x0000000704a00000|100%| O|  |TAMS 0x0000000704800000, 0x0000000704a00000| Untracked 
|   8|0x0000000704a00000, 0x0000000704c00000, 0x0000000704c00000|100%| O|  |TAMS 0x0000000704a00000, 0x0000000704c00000| Untracked 
|   9|0x0000000704c00000, 0x0000000704e00000, 0x0000000704e00000|100%| O|  |TAMS 0x0000000704c00000, 0x0000000704e00000| Untracked 
|  10|0x0000000704e00000, 0x0000000705000000, 0x0000000705000000|100%| O|  |TAMS 0x0000000704e00000, 0x0000000705000000| Untracked 
|  11|0x0000000705000000, 0x0000000705200000, 0x0000000705200000|100%| O|  |TAMS 0x0000000705000000, 0x0000000705200000| Untracked 
|  12|0x0000000705200000, 0x0000000705400000, 0x0000000705400000|100%| O|  |TAMS 0x0000000705200000, 0x0000000705400000| Untracked 
|  13|0x0000000705400000, 0x0000000705600000, 0x0000000705600000|100%| O|  |TAMS 0x0000000705400000, 0x0000000705600000| Untracked 
|  14|0x0000000705600000, 0x0000000705800000, 0x0000000705800000|100%| O|  |TAMS 0x0000000705600000, 0x0000000705800000| Untracked 
|  15|0x0000000705800000, 0x0000000705a00000, 0x0000000705a00000|100%| O|  |TAMS 0x0000000705800000, 0x0000000705a00000| Untracked 
|  16|0x0000000705a00000, 0x0000000705c00000, 0x0000000705c00000|100%| O|  |TAMS 0x0000000705a00000, 0x0000000705c00000| Untracked 
|  17|0x0000000705c00000, 0x0000000705e00000, 0x0000000705e00000|100%| O|  |TAMS 0x0000000705c00000, 0x0000000705e00000| Untracked 
|  18|0x0000000705e00000, 0x0000000706000000, 0x0000000706000000|100%| O|  |TAMS 0x0000000705e00000, 0x0000000706000000| Untracked 
|  19|0x0000000706000000, 0x0000000706200000, 0x0000000706200000|100%| O|  |TAMS 0x0000000706000000, 0x0000000706200000| Untracked 
|  20|0x0000000706200000, 0x0000000706400000, 0x0000000706400000|100%| O|  |TAMS 0x0000000706200000, 0x0000000706400000| Untracked 
|  21|0x0000000706400000, 0x0000000706600000, 0x0000000706600000|100%| O|  |TAMS 0x0000000706400000, 0x0000000706600000| Untracked 
|  22|0x0000000706600000, 0x0000000706800000, 0x0000000706800000|100%| O|  |TAMS 0x0000000706600000, 0x0000000706800000| Untracked 
|  23|0x0000000706800000, 0x0000000706a00000, 0x0000000706a00000|100%| O|  |TAMS 0x0000000706800000, 0x0000000706a00000| Untracked 
|  24|0x0000000706a00000, 0x0000000706c00000, 0x0000000706c00000|100%| O|  |TAMS 0x0000000706a00000, 0x0000000706c00000| Untracked 
|  25|0x0000000706c00000, 0x0000000706c00000, 0x0000000706e00000|  0%| F|  |TAMS 0x0000000706c00000, 0x0000000706c00000| Untracked 
|  26|0x0000000706e00000, 0x0000000707000000, 0x0000000707000000|100%|HS|  |TAMS 0x0000000706e00000, 0x0000000707000000| Complete 
|  27|0x0000000707000000, 0x0000000707000000, 0x0000000707200000|  0%| F|  |TAMS 0x0000000707000000, 0x0000000707000000| Untracked 
|  28|0x0000000707200000, 0x0000000707200000, 0x0000000707400000|  0%| F|  |TAMS 0x0000000707200000, 0x0000000707200000| Untracked 
|  29|0x0000000707400000, 0x0000000707400000, 0x0000000707600000|  0%| F|  |TAMS 0x0000000707400000, 0x0000000707400000| Untracked 
|  30|0x0000000707600000, 0x0000000707600000, 0x0000000707800000|  0%| F|  |TAMS 0x0000000707600000, 0x0000000707600000| Untracked 
|  31|0x0000000707800000, 0x0000000707800000, 0x0000000707a00000|  0%| F|  |TAMS 0x0000000707800000, 0x0000000707800000| Untracked 
|  32|0x0000000707a00000, 0x0000000707a00000, 0x0000000707c00000|  0%| F|  |TAMS 0x0000000707a00000, 0x0000000707a00000| Untracked 
|  33|0x0000000707c00000, 0x0000000707c00000, 0x0000000707e00000|  0%| F|  |TAMS 0x0000000707c00000, 0x0000000707c00000| Untracked 
|  34|0x0000000707e00000, 0x0000000707e00000, 0x0000000708000000|  0%| F|  |TAMS 0x0000000707e00000, 0x0000000707e00000| Untracked 
|  35|0x0000000708000000, 0x0000000708200000, 0x0000000708200000|100%| O|  |TAMS 0x0000000708000000, 0x0000000708000000| Untracked 
|  36|0x0000000708200000, 0x0000000708400000, 0x0000000708400000|100%|HS|  |TAMS 0x0000000708200000, 0x0000000708400000| Complete 
|  37|0x0000000708400000, 0x0000000708600000, 0x0000000708600000|100%|HC|  |TAMS 0x0000000708400000, 0x0000000708600000| Complete 
|  38|0x0000000708600000, 0x0000000708800000, 0x0000000708800000|100%|HC|  |TAMS 0x0000000708600000, 0x0000000708800000| Complete 
|  39|0x0000000708800000, 0x0000000708a00000, 0x0000000708a00000|100%|HC|  |TAMS 0x0000000708800000, 0x0000000708a00000| Complete 
|  40|0x0000000708a00000, 0x0000000708c00000, 0x0000000708c00000|100%| O|  |TAMS 0x0000000708a00000, 0x0000000708a00000| Untracked 
|  41|0x0000000708c00000, 0x0000000708e00000, 0x0000000708e00000|100%|HS|  |TAMS 0x0000000708c00000, 0x0000000708e00000| Complete 
|  42|0x0000000708e00000, 0x0000000709000000, 0x0000000709000000|100%| O|  |TAMS 0x0000000708e00000, 0x0000000709000000| Untracked 
|  43|0x0000000709000000, 0x0000000709200000, 0x0000000709200000|100%| O|  |TAMS 0x0000000709000000, 0x0000000709200000| Untracked 
|  44|0x0000000709200000, 0x0000000709400000, 0x0000000709400000|100%| O|  |TAMS 0x0000000709200000, 0x0000000709400000| Untracked 
|  45|0x0000000709400000, 0x0000000709600000, 0x0000000709600000|100%| O|  |TAMS 0x0000000709400000, 0x0000000709600000| Untracked 
|  46|0x0000000709600000, 0x0000000709800000, 0x0000000709800000|100%| O|  |TAMS 0x0000000709600000, 0x0000000709800000| Untracked 
|  47|0x0000000709800000, 0x0000000709a00000, 0x0000000709a00000|100%| O|  |TAMS 0x0000000709800000, 0x0000000709a00000| Untracked 
|  48|0x0000000709a00000, 0x0000000709c00000, 0x0000000709c00000|100%| O|  |TAMS 0x0000000709a00000, 0x0000000709c00000| Untracked 
|  49|0x0000000709c00000, 0x0000000709e00000, 0x0000000709e00000|100%| O|  |TAMS 0x0000000709c00000, 0x0000000709e00000| Untracked 
|  50|0x0000000709e00000, 0x000000070a000000, 0x000000070a000000|100%| O|  |TAMS 0x0000000709e00000, 0x000000070a000000| Untracked 
|  51|0x000000070a000000, 0x000000070a200000, 0x000000070a200000|100%| O|  |TAMS 0x000000070a000000, 0x000000070a1ca400| Untracked 
|  52|0x000000070a200000, 0x000000070a400000, 0x000000070a400000|100%|HS|  |TAMS 0x000000070a200000, 0x000000070a400000| Complete 
|  53|0x000000070a400000, 0x000000070a600000, 0x000000070a600000|100%|HC|  |TAMS 0x000000070a400000, 0x000000070a600000| Complete 
|  54|0x000000070a600000, 0x000000070a800000, 0x000000070a800000|100%|HC|  |TAMS 0x000000070a600000, 0x000000070a800000| Complete 
|  55|0x000000070a800000, 0x000000070aa00000, 0x000000070aa00000|100%|HC|  |TAMS 0x000000070a800000, 0x000000070aa00000| Complete 
|  56|0x000000070aa00000, 0x000000070ac00000, 0x000000070ac00000|100%|HC|  |TAMS 0x000000070aa00000, 0x000000070ac00000| Complete 
|  57|0x000000070ac00000, 0x000000070ae00000, 0x000000070ae00000|100%|HC|  |TAMS 0x000000070ac00000, 0x000000070ae00000| Complete 
|  58|0x000000070ae00000, 0x000000070af23800, 0x000000070b000000| 56%| O|  |TAMS 0x000000070ae00000, 0x000000070ae00000| Untracked 
|  59|0x000000070b000000, 0x000000070b000000, 0x000000070b200000|  0%| F|  |TAMS 0x000000070b000000, 0x000000070b000000| Untracked 
|  60|0x000000070b200000, 0x000000070b200000, 0x000000070b400000|  0%| F|  |TAMS 0x000000070b200000, 0x000000070b200000| Untracked 
|  61|0x000000070b400000, 0x000000070b400000, 0x000000070b600000|  0%| F|  |TAMS 0x000000070b400000, 0x000000070b400000| Untracked 
|  62|0x000000070b600000, 0x000000070b600000, 0x000000070b800000|  0%| F|  |TAMS 0x000000070b600000, 0x000000070b600000| Untracked 
|  63|0x000000070b800000, 0x000000070b800000, 0x000000070ba00000|  0%| F|  |TAMS 0x000000070b800000, 0x000000070b800000| Untracked 
|  64|0x000000070ba00000, 0x000000070ba00000, 0x000000070bc00000|  0%| F|  |TAMS 0x000000070ba00000, 0x000000070ba00000| Untracked 
|  65|0x000000070bc00000, 0x000000070bc00000, 0x000000070be00000|  0%| F|  |TAMS 0x000000070bc00000, 0x000000070bc00000| Untracked 
|  66|0x000000070be00000, 0x000000070be00000, 0x000000070c000000|  0%| F|  |TAMS 0x000000070be00000, 0x000000070be00000| Untracked 
|  67|0x000000070c000000, 0x000000070c000000, 0x000000070c200000|  0%| F|  |TAMS 0x000000070c000000, 0x000000070c000000| Untracked 
|  68|0x000000070c200000, 0x000000070c200000, 0x000000070c400000|  0%| F|  |TAMS 0x000000070c200000, 0x000000070c200000| Untracked 
|  69|0x000000070c400000, 0x000000070c400000, 0x000000070c600000|  0%| F|  |TAMS 0x000000070c400000, 0x000000070c400000| Untracked 
|  70|0x000000070c600000, 0x000000070c600000, 0x000000070c800000|  0%| F|  |TAMS 0x000000070c600000, 0x000000070c600000| Untracked 
|  71|0x000000070c800000, 0x000000070c800000, 0x000000070ca00000|  0%| F|  |TAMS 0x000000070c800000, 0x000000070c800000| Untracked 
|  72|0x000000070ca00000, 0x000000070ca00000, 0x000000070cc00000|  0%| F|  |TAMS 0x000000070ca00000, 0x000000070ca00000| Untracked 
|  73|0x000000070cc00000, 0x000000070cc00000, 0x000000070ce00000|  0%| F|  |TAMS 0x000000070cc00000, 0x000000070cc00000| Untracked 
|  74|0x000000070ce00000, 0x000000070ce00000, 0x000000070d000000|  0%| F|  |TAMS 0x000000070ce00000, 0x000000070ce00000| Untracked 
|  75|0x000000070d000000, 0x000000070d000000, 0x000000070d200000|  0%| F|  |TAMS 0x000000070d000000, 0x000000070d000000| Untracked 
|  76|0x000000070d200000, 0x000000070d200000, 0x000000070d400000|  0%| F|  |TAMS 0x000000070d200000, 0x000000070d200000| Untracked 
|  77|0x000000070d400000, 0x000000070d400000, 0x000000070d600000|  0%| F|  |TAMS 0x000000070d400000, 0x000000070d400000| Untracked 
|  78|0x000000070d600000, 0x000000070d600000, 0x000000070d800000|  0%| F|  |TAMS 0x000000070d600000, 0x000000070d600000| Untracked 
|  79|0x000000070d800000, 0x000000070d800000, 0x000000070da00000|  0%| F|  |TAMS 0x000000070d800000, 0x000000070d800000| Untracked 
|  80|0x000000070da00000, 0x000000070da00000, 0x000000070dc00000|  0%| F|  |TAMS 0x000000070da00000, 0x000000070da00000| Untracked 
|  81|0x000000070dc00000, 0x000000070dc00000, 0x000000070de00000|  0%| F|  |TAMS 0x000000070dc00000, 0x000000070dc00000| Untracked 
|  82|0x000000070de00000, 0x000000070de00000, 0x000000070e000000|  0%| F|  |TAMS 0x000000070de00000, 0x000000070de00000| Untracked 
|  83|0x000000070e000000, 0x000000070e000000, 0x000000070e200000|  0%| F|  |TAMS 0x000000070e000000, 0x000000070e000000| Untracked 
|  84|0x000000070e200000, 0x000000070e200000, 0x000000070e400000|  0%| F|  |TAMS 0x000000070e200000, 0x000000070e200000| Untracked 
|  85|0x000000070e400000, 0x000000070e400000, 0x000000070e600000|  0%| F|  |TAMS 0x000000070e400000, 0x000000070e400000| Untracked 
|  86|0x000000070e600000, 0x000000070e600000, 0x000000070e800000|  0%| F|  |TAMS 0x000000070e600000, 0x000000070e600000| Untracked 
|  87|0x000000070e800000, 0x000000070e800000, 0x000000070ea00000|  0%| F|  |TAMS 0x000000070e800000, 0x000000070e800000| Untracked 
|  88|0x000000070ea00000, 0x000000070ea00000, 0x000000070ec00000|  0%| F|  |TAMS 0x000000070ea00000, 0x000000070ea00000| Untracked 
|  89|0x000000070ec00000, 0x000000070ec00000, 0x000000070ee00000|  0%| F|  |TAMS 0x000000070ec00000, 0x000000070ec00000| Untracked 
|  90|0x000000070ee00000, 0x000000070ee00000, 0x000000070f000000|  0%| F|  |TAMS 0x000000070ee00000, 0x000000070ee00000| Untracked 
|  91|0x000000070f000000, 0x000000070f000000, 0x000000070f200000|  0%| F|  |TAMS 0x000000070f000000, 0x000000070f000000| Untracked 
|  92|0x000000070f200000, 0x000000070f200000, 0x000000070f400000|  0%| F|  |TAMS 0x000000070f200000, 0x000000070f200000| Untracked 
|  93|0x000000070f400000, 0x000000070f400000, 0x000000070f600000|  0%| F|  |TAMS 0x000000070f400000, 0x000000070f400000| Untracked 
|  94|0x000000070f600000, 0x000000070f600000, 0x000000070f800000|  0%| F|  |TAMS 0x000000070f600000, 0x000000070f600000| Untracked 
|  95|0x000000070f800000, 0x000000070f800000, 0x000000070fa00000|  0%| F|  |TAMS 0x000000070f800000, 0x000000070f800000| Untracked 
|  96|0x000000070fa00000, 0x000000070fa00000, 0x000000070fc00000|  0%| F|  |TAMS 0x000000070fa00000, 0x000000070fa00000| Untracked 
|  97|0x000000070fc00000, 0x000000070fc00000, 0x000000070fe00000|  0%| F|  |TAMS 0x000000070fc00000, 0x000000070fc00000| Untracked 
|  98|0x000000070fe00000, 0x000000070fe00000, 0x0000000710000000|  0%| F|  |TAMS 0x000000070fe00000, 0x000000070fe00000| Untracked 
|  99|0x0000000710000000, 0x0000000710000000, 0x0000000710200000|  0%| F|  |TAMS 0x0000000710000000, 0x0000000710000000| Untracked 
| 100|0x0000000710200000, 0x0000000710200000, 0x0000000710400000|  0%| F|  |TAMS 0x0000000710200000, 0x0000000710200000| Untracked 
| 101|0x0000000710400000, 0x0000000710400000, 0x0000000710600000|  0%| F|  |TAMS 0x0000000710400000, 0x0000000710400000| Untracked 
| 102|0x0000000710600000, 0x0000000710600000, 0x0000000710800000|  0%| F|  |TAMS 0x0000000710600000, 0x0000000710600000| Untracked 
| 103|0x0000000710800000, 0x0000000710800000, 0x0000000710a00000|  0%| F|  |TAMS 0x0000000710800000, 0x0000000710800000| Untracked 
| 104|0x0000000710a00000, 0x0000000710a00000, 0x0000000710c00000|  0%| F|  |TAMS 0x0000000710a00000, 0x0000000710a00000| Untracked 
| 105|0x0000000710c00000, 0x0000000710c00000, 0x0000000710e00000|  0%| F|  |TAMS 0x0000000710c00000, 0x0000000710c00000| Untracked 
| 106|0x0000000710e00000, 0x0000000710e00000, 0x0000000711000000|  0%| F|  |TAMS 0x0000000710e00000, 0x0000000710e00000| Untracked 
| 107|0x0000000711000000, 0x0000000711000000, 0x0000000711200000|  0%| F|  |TAMS 0x0000000711000000, 0x0000000711000000| Untracked 
| 108|0x0000000711200000, 0x0000000711200000, 0x0000000711400000|  0%| F|  |TAMS 0x0000000711200000, 0x0000000711200000| Untracked 
| 109|0x0000000711400000, 0x0000000711400000, 0x0000000711600000|  0%| F|  |TAMS 0x0000000711400000, 0x0000000711400000| Untracked 
| 110|0x0000000711600000, 0x0000000711600000, 0x0000000711800000|  0%| F|  |TAMS 0x0000000711600000, 0x0000000711600000| Untracked 
| 111|0x0000000711800000, 0x0000000711800000, 0x0000000711a00000|  0%| F|  |TAMS 0x0000000711800000, 0x0000000711800000| Untracked 
| 112|0x0000000711a00000, 0x0000000711a00000, 0x0000000711c00000|  0%| F|  |TAMS 0x0000000711a00000, 0x0000000711a00000| Untracked 
| 113|0x0000000711c00000, 0x0000000711c00000, 0x0000000711e00000|  0%| F|  |TAMS 0x0000000711c00000, 0x0000000711c00000| Untracked 
| 114|0x0000000711e00000, 0x0000000711e00000, 0x0000000712000000|  0%| F|  |TAMS 0x0000000711e00000, 0x0000000711e00000| Untracked 
| 115|0x0000000712000000, 0x0000000712000000, 0x0000000712200000|  0%| F|  |TAMS 0x0000000712000000, 0x0000000712000000| Untracked 
| 116|0x0000000712200000, 0x0000000712200000, 0x0000000712400000|  0%| F|  |TAMS 0x0000000712200000, 0x0000000712200000| Untracked 
| 117|0x0000000712400000, 0x0000000712400000, 0x0000000712600000|  0%| F|  |TAMS 0x0000000712400000, 0x0000000712400000| Untracked 
| 118|0x0000000712600000, 0x0000000712600000, 0x0000000712800000|  0%| F|  |TAMS 0x0000000712600000, 0x0000000712600000| Untracked 
| 119|0x0000000712800000, 0x0000000712800000, 0x0000000712a00000|  0%| F|  |TAMS 0x0000000712800000, 0x0000000712800000| Untracked 
| 120|0x0000000712a00000, 0x0000000712a00000, 0x0000000712c00000|  0%| F|  |TAMS 0x0000000712a00000, 0x0000000712a00000| Untracked 
| 121|0x0000000712c00000, 0x0000000712c00000, 0x0000000712e00000|  0%| F|  |TAMS 0x0000000712c00000, 0x0000000712c00000| Untracked 
| 122|0x0000000712e00000, 0x0000000712e00000, 0x0000000713000000|  0%| F|  |TAMS 0x0000000712e00000, 0x0000000712e00000| Untracked 
| 123|0x0000000713000000, 0x0000000713000000, 0x0000000713200000|  0%| F|  |TAMS 0x0000000713000000, 0x0000000713000000| Untracked 
| 124|0x0000000713200000, 0x0000000713332f78, 0x0000000713400000| 59%| S|CS|TAMS 0x0000000713200000, 0x0000000713200000| Complete 
| 125|0x0000000713400000, 0x0000000713400000, 0x0000000713600000|  0%| F|  |TAMS 0x0000000713400000, 0x0000000713400000| Untracked 
| 126|0x0000000713600000, 0x0000000713600000, 0x0000000713800000|  0%| F|  |TAMS 0x0000000713600000, 0x0000000713600000| Untracked 

Card table byte_map: [0x0000023dad530000,0x0000023dadd20000] _byte_map_base: 0x0000023da9d13000

Marking Bits (Prev, Next): (CMBitMap*) 0x0000023d94307990, (CMBitMap*) 0x0000023d943079d0
 Prev Bits: [0x0000023dae510000, 0x0000023db2428000)
 Next Bits: [0x0000023db2430000, 0x0000023db6348000)

Polling page: 0x0000023d94380000

Metaspace:

Usage:
  Non-class:    851.34 KB used.
      Class:     72.28 KB used.
       Both:    923.62 KB used.

Virtual space:
  Non-class space:        8.00 MB reserved,     960.00 KB ( 12%) committed,  1 nodes.
      Class space:        1.00 GB reserved,     192.00 KB ( <1%) committed,  1 nodes.
             Both:        1.01 GB reserved,       1.13 MB ( <1%) committed. 

Chunk freelists:
   Non-Class:  3.97 MB
       Class:  3.74 MB
        Both:  7.71 MB

MaxMetaspaceSize: unlimited
CompressedClassSpaceSize: 1.00 GB
Initial GC threshold: 21.00 MB
Current GC threshold: 21.00 MB
CDS: on
MetaspaceReclaimPolicy: balanced
 - commit_granule_bytes: 65536.
 - commit_granule_words: 8192.
 - virtual_space_node_default_size: 1048576.
 - enlarge_chunks_in_place: 1.
 - new_chunks_are_fully_committed: 0.
 - uncommit_free_chunks: 1.
 - use_allocation_guard: 0.
 - handle_deallocations: 1.


Internal statistics:

num_allocs_failed_limit: 0.
num_arena_births: 10.
num_arena_deaths: 0.
num_vsnodes_births: 2.
num_vsnodes_deaths: 0.
num_space_committed: 18.
num_space_uncommitted: 0.
num_chunks_returned_to_freelist: 0.
num_chunks_taken_from_freelist: 15.
num_chunk_merges: 0.
num_chunk_splits: 8.
num_chunks_enlarged: 4.
num_purges: 0.
num_inconsistent_stats: 0.

CodeHeap 'non-profiled nmethods': size=120000Kb used=284Kb max_used=284Kb free=119715Kb
 bounds [0x0000023da4da0000, 0x0000023da5010000, 0x0000023dac2d0000]
CodeHeap 'profiled nmethods': size=120000Kb used=528Kb max_used=528Kb free=119471Kb
 bounds [0x0000023d9d870000, 0x0000023d9dae0000, 0x0000023da4da0000]
CodeHeap 'non-nmethods': size=5760Kb used=1130Kb max_used=1192Kb free=4629Kb
 bounds [0x0000023d9d2d0000, 0x0000023d9d540000, 0x0000023d9d870000]
 total_blobs=802 nmethods=404 adapters=311
 compilation: enabled
              stopped_count=0, restarted_count=0
 full_count=0

Compilation events (20 events):
Event: 0.442 Thread 0x0000023db8e4b3b0  396       3       java.lang.StringUTF16::putCharsSB (21 bytes)
Event: 0.442 Thread 0x0000023db8e42900  397       4       java.lang.StringUTF16::putChars (24 bytes)
Event: 0.442 Thread 0x0000023db8e4b3b0 nmethod 396 0x0000023d9d8f3d10 code [0x0000023d9d8f3ec0, 0x0000023d9d8f4118]
Event: 0.446 Thread 0x0000023dba5a4010 nmethod 395 0x0000023da4dda290 code [0x0000023da4dda420, 0x0000023da4ddaa38]
Event: 0.446 Thread 0x0000023dba5a4010  398       4       java.lang.String::<init> (74 bytes)
Event: 0.451 Thread 0x0000023dba5a4010 nmethod 398 0x0000023da4ddad10 code [0x0000023da4ddaea0, 0x0000023da4ddb3b8]
Event: 0.451 Thread 0x0000023dba5a4010  400 % !   4       java.nio.file.Files::readAllLines @ 14 (76 bytes)
Event: 0.452 Thread 0x0000023db8e42900 nmethod 397 0x0000023da4ddb510 code [0x0000023da4ddb680, 0x0000023da4ddb918]
Event: 0.452 Thread 0x0000023db8e42900  399       4       java.lang.StringUTF16::compress (20 bytes)
Event: 0.453 Thread 0x0000023db8e42900 nmethod 399 0x0000023da4ddba10 code [0x0000023da4ddbba0, 0x0000023da4ddbdd8]
Event: 0.453 Thread 0x0000023db8e42900  401   !   4       sun.nio.ch.NativeThreadSet::add (155 bytes)
Event: 0.455 Thread 0x0000023db8e42900 nmethod 401 0x0000023da4ddbe90 code [0x0000023da4ddc020, 0x0000023da4ddc258]
Event: 0.456 Thread 0x0000023dba5a4010 nmethod 400% 0x0000023da4ddc390 code [0x0000023da4ddc560, 0x0000023da4ddc8c0]
Event: 0.475 Thread 0x0000023dba5a4010  403       4       java.nio.Buffer$1::acquireScope (41 bytes)
Event: 0.475 Thread 0x0000023db8e42900  402       4       sun.nio.ch.IOUtil::acquireScope (11 bytes)
Event: 0.476 Thread 0x0000023db8e42900 nmethod 402 0x0000023da4ddcc10 code [0x0000023da4ddcd80, 0x0000023da4ddce18]
Event: 0.476 Thread 0x0000023dba5a4010 nmethod 403 0x0000023da4ddcf10 code [0x0000023da4ddd080, 0x0000023da4ddd138]
Event: 0.480 Thread 0x0000023db9a1bbe0 nmethod 346 0x0000023da4ddd210 code [0x0000023da4ddd6a0, 0x0000023da4de2ab8]
Event: 0.481 Thread 0x0000023db9a1bbe0  404   !   4       jdk.internal.misc.ScopedMemoryAccess::copyMemory (31 bytes)
Event: 0.484 Thread 0x0000023db9a1bbe0 nmethod 404 0x0000023da4de6710 code [0x0000023da4de68a0, 0x0000023da4de6c58]

GC Heap History (9 events):
Event: 0.199 GC heap before
{Heap before GC invocations=0 (full 0):
 garbage-first heap   total 260096K, used 20480K [0x0000000703a00000, 0x0000000800000000)
  region size 2048K, 11 young (22528K), 0 survivors (0K)
 Metaspace       used 910K, committed 1088K, reserved 1056768K
  class space    used 70K, committed 192K, reserved 1048576K
}
Event: 0.204 GC heap after
{Heap after GC invocations=1 (full 0):
 garbage-first heap   total 260096K, used 18987K [0x0000000703a00000, 0x0000000800000000)
  region size 2048K, 2 young (4096K), 2 survivors (4096K)
 Metaspace       used 910K, committed 1088K, reserved 1056768K
  class space    used 70K, committed 192K, reserved 1048576K
}
Event: 0.236 GC heap before
{Heap before GC invocations=1 (full 0):
 garbage-first heap   total 260096K, used 31275K [0x0000000703a00000, 0x0000000800000000)
  region size 2048K, 8 young (16384K), 2 survivors (4096K)
 Metaspace       used 911K, committed 1088K, reserved 1056768K
  class space    used 70K, committed 192K, reserved 1048576K
}
Event: 0.240 GC heap after
{Heap after GC invocations=2 (full 0):
 garbage-first heap   total 260096K, used 31697K [0x0000000703a00000, 0x0000000800000000)
  region size 2048K, 1 young (2048K), 1 survivors (2048K)
 Metaspace       used 911K, committed 1088K, reserved 1056768K
  class space    used 70K, committed 192K, reserved 1048576K
}
Event: 0.283 GC heap before
{Heap before GC invocations=2 (full 0):
 garbage-first heap   total 260096K, used 54225K [0x0000000703a00000, 0x0000000800000000)
  region size 2048K, 13 young (26624K), 1 survivors (2048K)
 Metaspace       used 914K, committed 1088K, reserved 1056768K
  class space    used 71K, committed 192K, reserved 1048576K
}
Event: 0.289 GC heap after
{Heap after GC invocations=3 (full 0):
 garbage-first heap   total 260096K, used 55058K [0x0000000703a00000, 0x0000000800000000)
  region size 2048K, 2 young (4096K), 2 survivors (4096K)
 Metaspace       used 914K, committed 1088K, reserved 1056768K
  class space    used 71K, committed 192K, reserved 1048576K
}
Event: 0.458 GC heap before
{Heap before GC invocations=3 (full 0):
 garbage-first heap   total 260096K, used 116498K [0x0000000703a00000, 0x0000000800000000)
  region size 2048K, 16 young (32768K), 2 survivors (4096K)
 Metaspace       used 922K, committed 1152K, reserved 1056768K
  class space    used 71K, committed 192K, reserved 1048576K
}
Event: 0.465 GC heap after
{Heap after GC invocations=4 (full 0):
 garbage-first heap   total 260096K, used 87849K [0x0000000703a00000, 0x0000000800000000)
  region size 2048K, 2 young (4096K), 2 survivors (4096K)
 Metaspace       used 922K, committed 1152K, reserved 1056768K
  class space    used 71K, committed 192K, reserved 1048576K
}
Event: 0.496 GC heap before
{Heap before GC invocations=4 (full 0):
 garbage-first heap   total 260096K, used 118569K [0x0000000703a00000, 0x0000000800000000)
  region size 2048K, 4 young (8192K), 2 survivors (4096K)
 Metaspace       used 923K, committed 1152K, reserved 1056768K
  class space    used 72K, committed 192K, reserved 1048576K
}

Deoptimization events (20 events):
Event: 0.457 Thread 0x0000023d942b73e0 DEOPT PACKING pc=0x0000023d9d8ddd17 sp=0x000000467afff170
Event: 0.457 Thread 0x0000023d942b73e0 DEOPT UNPACKING pc=0x0000023d9d326763 sp=0x000000467affe658 mode 0
Event: 0.458 Thread 0x0000023d942b73e0 DEOPT PACKING pc=0x0000023d9d8ddd17 sp=0x000000467afff170
Event: 0.458 Thread 0x0000023d942b73e0 DEOPT UNPACKING pc=0x0000023d9d326763 sp=0x000000467affe658 mode 0
Event: 0.458 Thread 0x0000023d942b73e0 DEOPT PACKING pc=0x0000023d9d8ddd17 sp=0x000000467afff170
Event: 0.458 Thread 0x0000023d942b73e0 DEOPT UNPACKING pc=0x0000023d9d326763 sp=0x000000467affe658 mode 0
Event: 0.458 Thread 0x0000023d942b73e0 DEOPT PACKING pc=0x0000023d9d8ddd17 sp=0x000000467afff170
Event: 0.458 Thread 0x0000023d942b73e0 DEOPT UNPACKING pc=0x0000023d9d326763 sp=0x000000467affe658 mode 0
Event: 0.458 Thread 0x0000023d942b73e0 DEOPT PACKING pc=0x0000023d9d8ddd17 sp=0x000000467afff170
Event: 0.458 Thread 0x0000023d942b73e0 DEOPT UNPACKING pc=0x0000023d9d326763 sp=0x000000467affe658 mode 0
Event: 0.458 Thread 0x0000023d942b73e0 DEOPT PACKING pc=0x0000023d9d8ddd17 sp=0x000000467afff170
Event: 0.458 Thread 0x0000023d942b73e0 DEOPT UNPACKING pc=0x0000023d9d326763 sp=0x000000467affe658 mode 0
Event: 0.468 Thread 0x0000023d942b73e0 DEOPT PACKING pc=0x0000023d9d8ddd17 sp=0x000000467afff170
Event: 0.468 Thread 0x0000023d942b73e0 DEOPT UNPACKING pc=0x0000023d9d326763 sp=0x000000467affe658 mode 0
Event: 0.468 Thread 0x0000023d942b73e0 DEOPT PACKING pc=0x0000023d9d8ddd17 sp=0x000000467afff170
Event: 0.468 Thread 0x0000023d942b73e0 DEOPT UNPACKING pc=0x0000023d9d326763 sp=0x000000467affe658 mode 0
Event: 0.468 Thread 0x0000023d942b73e0 DEOPT PACKING pc=0x0000023d9d8ddd17 sp=0x000000467afff170
Event: 0.468 Thread 0x0000023d942b73e0 DEOPT UNPACKING pc=0x0000023d9d326763 sp=0x000000467affe658 mode 0
Event: 0.468 Thread 0x0000023d942b73e0 DEOPT PACKING pc=0x0000023d9d8ddd17 sp=0x000000467afff170
Event: 0.468 Thread 0x0000023d942b73e0 DEOPT UNPACKING pc=0x0000023d9d326763 sp=0x000000467affe658 mode 0

Classes unloaded (0 events):
No events

Classes redefined (0 events):
No events

Internal exceptions (2 events):
Event: 0.087 Thread 0x0000023db996cf20 Exception <a 'java/lang/NoSuchMethodError'{0x0000000713475aa8}: 'java.lang.Object java.lang.invoke.DirectMethodHandle$Holder.invokeStaticInit(java.lang.Object)'> (0x0000000713475aa8) 
thrown [t:\workspace\open\src\hotspot\share\interpreter\linkResolver.cpp, line 766]
Event: 0.092 Thread 0x0000023db996cf20 Exception <a 'java/lang/NoSuchMethodError'{0x0000000713483210}: 'void java.lang.invoke.DirectMethodHandle$Holder.invokeStatic(java.lang.Object, java.lang.Object)'> (0x0000000713483210) 
thrown [t:\workspace\open\src\hotspot\share\interpreter\linkResolver.cpp, line 766]

VM Operations (13 events):
Event: 0.054 Executing VM operation: HandshakeAllThreads
Event: 0.054 Executing VM operation: HandshakeAllThreads done
Event: 0.086 Executing VM operation: HandshakeAllThreads
Event: 0.086 Executing VM operation: HandshakeAllThreads done
Event: 0.199 Executing VM operation: G1CollectForAllocation
Event: 0.204 Executing VM operation: G1CollectForAllocation done
Event: 0.236 Executing VM operation: G1CollectForAllocation
Event: 0.240 Executing VM operation: G1CollectForAllocation done
Event: 0.283 Executing VM operation: G1CollectForAllocation
Event: 0.289 Executing VM operation: G1CollectForAllocation done
Event: 0.458 Executing VM operation: G1CollectForAllocation
Event: 0.465 Executing VM operation: G1CollectForAllocation done
Event: 0.496 Executing VM operation: G1TryInitiateConcMark

Events (20 events):
Event: 0.094 loading class sun/net/spi/DefaultProxySelector$NonProxyInfo
Event: 0.094 loading class sun/net/spi/DefaultProxySelector$NonProxyInfo done
Event: 0.094 loading class sun/net/spi/DefaultProxySelector$3
Event: 0.094 loading class sun/net/spi/DefaultProxySelector$3 done
Event: 0.094 loading class sun/net/NetHooks
Event: 0.094 loading class sun/net/NetHooks done
Event: 0.095 loading class java/net/Socket$SocketInputStream
Event: 0.095 loading class java/net/Socket$SocketInputStream done
Event: 0.095 loading class sun/nio/ch/NioSocketImpl$1
Event: 0.095 loading class sun/nio/ch/NioSocketImpl$1 done
Event: 0.095 loading class sun/nio/cs/US_ASCII$Decoder
Event: 0.095 loading class sun/nio/cs/US_ASCII$Decoder done
Event: 0.099 Thread 0x0000023db9a1bbe0 Thread added: 0x0000023db9a1bbe0
Event: 0.282 loading class jdk/internal/access/foreign/MemorySegmentProxy
Event: 0.282 loading class jdk/internal/access/foreign/MemorySegmentProxy done
Event: 0.358 Thread 0x0000023dba5a4010 Thread added: 0x0000023dba5a4010
Event: 0.431 loading class jdk/internal/misc/ScopedMemoryAccess$Scope
Event: 0.431 loading class jdk/internal/misc/ScopedMemoryAccess$Scope done
Event: 0.475 loading class jdk/internal/misc/ScopedMemoryAccess$Scope$Handle
Event: 0.475 loading class jdk/internal/misc/ScopedMemoryAccess$Scope$Handle done


Dynamic libraries:
0x00007ff7824f0000 - 0x00007ff782500000 	C:\Program Files\Java\jdk-17.0.2\bin\java.exe
0x00007ffae8130000 - 0x00007ffae831e000 	C:\Windows\SYSTEM32\ntdll.dll
0x00007ffae6860000 - 0x00007ffae6913000 	C:\Windows\System32\KERNEL32.DLL
0x00007ffae41a0000 - 0x00007ffae443d000 	C:\Windows\System32\KERNELBASE.dll
0x00007ffae4440000 - 0x00007ffae453a000 	C:\Windows\System32\ucrtbase.dll
0x00007ffad3d20000 - 0x00007ffad3d38000 	C:\Program Files\Java\jdk-17.0.2\bin\jli.dll
0x00007ffad3cd0000 - 0x00007ffad3cea000 	C:\Program Files\Java\jdk-17.0.2\bin\VCRUNTIME140.dll
0x00007ffae7e30000 - 0x00007ffae7ed8000 	C:\Windows\System32\ADVAPI32.dll
0x00007ffae65f0000 - 0x00007ffae668e000 	C:\Windows\System32\msvcrt.dll
0x00007ffae5de0000 - 0x00007ffae5e82000 	C:\Windows\System32\sechost.dll
0x00007ffae57a0000 - 0x00007ffae58bd000 	C:\Windows\System32\RPCRT4.dll
0x00007ffae4d60000 - 0x00007ffae4d86000 	C:\Windows\System32\bcrypt.dll
0x00007ffae5e90000 - 0x00007ffae6027000 	C:\Windows\System32\USER32.dll
0x00007ffabe660000 - 0x00007ffabe8d9000 	C:\Windows\WinSxS\amd64_microsoft.windows.common-controls_6595b64144ccf1df_6.0.17763.5576_none_de7462b453487ecb\COMCTL32.dll
0x00007ffae4d40000 - 0x00007ffae4d60000 	C:\Windows\System32\win32u.dll
0x00007ffae6280000 - 0x00007ffae65ab000 	C:\Windows\System32\combase.dll
0x00007ffae65b0000 - 0x00007ffae65d9000 	C:\Windows\System32\GDI32.dll
0x00007ffae4d90000 - 0x00007ffae4e12000 	C:\Windows\System32\bcryptPrimitives.dll
0x00007ffae4e70000 - 0x00007ffae501a000 	C:\Windows\System32\gdi32full.dll
0x00007ffae5020000 - 0x00007ffae50c0000 	C:\Windows\System32\msvcp_win.dll
0x00007ffadbf10000 - 0x00007ffadbf1a000 	C:\Windows\SYSTEM32\VERSION.dll
0x00007ffae6830000 - 0x00007ffae685e000 	C:\Windows\System32\IMM32.DLL
0x00007ffad58e0000 - 0x00007ffad58ec000 	C:\Program Files\Java\jdk-17.0.2\bin\vcruntime140_1.dll
0x00007ffab55e0000 - 0x00007ffab566d000 	C:\Program Files\Java\jdk-17.0.2\bin\msvcp140.dll
0x00007ffaa1e90000 - 0x00007ffaa2a51000 	C:\Program Files\Java\jdk-17.0.2\bin\server\jvm.dll
0x00007ffae65e0000 - 0x00007ffae65e8000 	C:\Windows\System32\PSAPI.DLL
0x00007ffadf890000 - 0x00007ffadf8b4000 	C:\Windows\SYSTEM32\WINMM.dll
0x00007ffac1920000 - 0x00007ffac1929000 	C:\Windows\SYSTEM32\WSOCK32.dll
0x00007ffae6100000 - 0x00007ffae616d000 	C:\Windows\System32\WS2_32.dll
0x00007ffadf860000 - 0x00007ffadf88d000 	C:\Windows\SYSTEM32\WINMMBASE.dll
0x00007ffae4e20000 - 0x00007ffae4e6a000 	C:\Windows\System32\cfgmgr32.dll
0x00007ffae40b0000 - 0x00007ffae40c1000 	C:\Windows\System32\kernel.appcore.dll
0x00007ffad48a0000 - 0x00007ffad48aa000 	C:\Program Files\Java\jdk-17.0.2\bin\jimage.dll
0x00007ffae29d0000 - 0x00007ffae2bbd000 	C:\Windows\SYSTEM32\DBGHELP.DLL
0x00007ffaca670000 - 0x00007ffaca69a000 	C:\Windows\SYSTEM32\dbgcore.DLL
0x00007ffadf190000 - 0x00007ffadf19e000 	C:\Program Files\Java\jdk-17.0.2\bin\instrument.dll
0x00007ffad2be0000 - 0x00007ffad2c05000 	C:\Program Files\Java\jdk-17.0.2\bin\java.dll
0x00007ffaaf770000 - 0x00007ffaaf846000 	C:\Program Files\Java\jdk-17.0.2\bin\jsvml.dll
0x00007ffae6930000 - 0x00007ffae7e28000 	C:\Windows\System32\SHELL32.dll
0x00007ffae7fc0000 - 0x00007ffae8067000 	C:\Windows\System32\shcore.dll
0x00007ffae45f0000 - 0x00007ffae4d37000 	C:\Windows\System32\windows.storage.dll
0x00007ffae40d0000 - 0x00007ffae40f3000 	C:\Windows\System32\profapi.dll
0x00007ffae4120000 - 0x00007ffae417d000 	C:\Windows\System32\powrprof.dll
0x00007ffae67d0000 - 0x00007ffae6822000 	C:\Windows\System32\shlwapi.dll
0x00007ffae4180000 - 0x00007ffae419b000 	C:\Windows\System32\cryptsp.dll
0x00007ffad2d10000 - 0x00007ffad2d28000 	C:\Program Files\Java\jdk-17.0.2\bin\zip.dll
0x00007ffad3aa0000 - 0x00007ffad3ab9000 	C:\Program Files\Java\jdk-17.0.2\bin\net.dll
0x00007ffad53e0000 - 0x00007ffad54dd000 	C:\Windows\SYSTEM32\WINHTTP.dll
0x00007ffae3850000 - 0x00007ffae38b7000 	C:\Windows\system32\mswsock.dll
0x00007ffad2e00000 - 0x00007ffad2e16000 	C:\Program Files\Java\jdk-17.0.2\bin\nio.dll
0x00007ffad4a80000 - 0x00007ffad4a9a000 	D:\Intell IJ\IntelliJ IDEA Community Edition 2022.1.1\bin\breakgen64.dll

dbghelp: loaded successfully - version: 4.0.5 - missing functions: none
symbol engine: initialized successfully - sym options: 0x614 - pdb path: .;C:\Program Files\Java\jdk-17.0.2\bin;C:\Windows\SYSTEM32;C:\Windows\WinSxS\amd64_microsoft.windows.common-controls_6595b64144ccf1df_6.0.17763.5576_none_de7462b453487ecb;C:\Program Files\Java\jdk-17.0.2\bin\server;D:\Intell IJ\IntelliJ IDEA Community Edition 2022.1.1\bin

VM Arguments:
jvm_args: -javaagent:D:\Intell IJ\IntelliJ IDEA Community Edition 2022.1.1\lib\idea_rt.jar=11485:D:\Intell IJ\IntelliJ IDEA Community Edition 2022.1.1\bin -Dfile.encoding=UTF-8 
java_command: Main
java_class_path (initial): D:\PracticeTask\Task1\target\classes
Launcher Type: SUN_STANDARD

[Global flags]
     intx CICompilerCount                          = 4                                         {product} {ergonomic}
     uint ConcGCThreads                            = 2                                         {product} {ergonomic}
     uint G1ConcRefinementThreads                  = 8                                         {product} {ergonomic}
   size_t G1HeapRegionSize                         = 2097152                                   {product} {ergonomic}
    uintx GCDrainStackTargetSize                   = 64                                        {product} {ergonomic}
   size_t InitialHeapSize                          = 266338304                                 {product} {ergonomic}
   size_t MarkStackSize                            = 4194304                                   {product} {ergonomic}
   size_t MaxHeapSize                              = 4234149888                                {product} {ergonomic}
   size_t MaxNewSize                               = 2539651072                                {product} {ergonomic}
   size_t MinHeapDeltaBytes                        = 2097152                                   {product} {ergonomic}
   size_t MinHeapSize                              = 8388608                                   {product} {ergonomic}
    uintx NonNMethodCodeHeapSize                   = 5839372                                {pd product} {ergonomic}
    uintx NonProfiledCodeHeapSize                  = 122909434                              {pd product} {ergonomic}
    uintx ProfiledCodeHeapSize                     = 122909434                              {pd product} {ergonomic}
    uintx ReservedCodeCacheSize                    = 251658240                              {pd product} {ergonomic}
     bool SegmentedCodeCache                       = true                                      {product} {ergonomic}
   size_t SoftMaxHeapSize                          = 4234149888                             {manageable} {ergonomic}
     bool UseCompressedClassPointers               = true                           {product lp64_product} {ergonomic}
     bool UseCompressedOops                        = true                           {product lp64_product} {ergonomic}
     bool UseG1GC                                  = true                                      {product} {ergonomic}
     bool UseLargePagesIndividualAllocation        = false                                  {pd product} {ergonomic}

Logging:
Log output configuration:
 #0: stdout all=warning uptime,level,tags
 #1: stderr all=off uptime,level,tags

Environment Variables:
JAVA_HOME=C:\Program Files\Java\jdk-20
PATH=D:\OracleXE21C\dbhomeXE\bin;C:\Downloads\WINDOWS.X64_193000_db_home\bin;D:\OracleDataBase\dbhomeXE\bin;C:\Users\vscode\Downloads\WINDOWS.X64_213000_db_home\bin;C:\Program Files\Common Files\Oracle\Java\javapath;C:\Program Files (x86)\Common Files\Oracle\Java\javapath;C:\Program Files (x86)\Embarcadero\Studio\20.0\bin;C:\Users\Public\Documents\Embarcadero\Studio\20.0\Bpl;C:\Program Files (x86)\Embarcadero\Studio\20.0\bin64;C:\Users\Public\Documents\Embarcadero\Studio\20.0\Bpl\Win64;C:\Windows\system32;C:\Windows;C:\Windows\System32\Wbem;C:\Windows\System32\WindowsPowerShell\v1.0\;C:\Windows\System32\OpenSSH\;C:\Program Files\Microsoft SQL Server\120\Tools\Binn\;C:\Program Files (x86)\Windows Kits\10\Windows Performance Toolkit\;C:\Program Files\Microsoft SQL Server\130\Tools\Binn\;D:\QuickTIme\QTSystem\;D:\nodejs\;D:\GIT(bash)\Git\cmd;C:\Program Files\dotnet\;C:\Program Files\Microsoft SQL Server\150\Tools\Binn\;C:\Program Files\Microsoft SQL Server\Client SDK\ODBC\170\Tools\Binn\;C:\Program Files (x86)\dotnet\;C:\Program Files\Java\jdk-20\bin;C:\Program Files (x86)\PuTTY\;C:\ProgramData\chocolatey\bin;C:\Users\vscode\AppData\Local\Programs\Python\Python310\Scripts\;C:\Users\vscode\AppData\Local\Programs\Python\Python310\;C:\Users\vscode\AppData\Local\Microsoft\WindowsApps;D:\VSCODE(вторая уч запись)\VS code\Microsoft VS Code\bin;C:\Users\Нгуен\AppData\Local\GitHubDesktop\bin;C:\Downloads\Oracle;D:\Brackets.io\;C:\Users\vscode\.dotnet\tools;C:\MinGW\bin;C:\ProgramData\chocolatey;
USERNAME=vscode
OS=Windows_NT
PROCESSOR_IDENTIFIER=Intel64 Family 6 Model 126 Stepping 5, GenuineIntel



---------------  S Y S T E M  ---------------

OS:
 Windows 10 , 64 bit Build 17763 (10.0.17763.4974)
OS uptime: 10 days 2:38 hours
Hyper-V role detected

CPU: total 8 (initial active 8) (4 cores per cpu, 2 threads per core) family 6 model 126 stepping 5 microcode 0xc2, cx8, cmov, fxsr, ht, mmx, 3dnowpref, sse, sse2, sse3, ssse3, sse4.1, sse4.2, popcnt, lzcnt, tsc, tscinvbit, avx, avx2, aes, erms, clmul, bmi1, bmi2, adx, avx512f, avx512dq, avx512cd, avx512bw, avx512vl, sha, fma, vzeroupper, avx512_vpopcntdq, avx512_vpclmulqdq, avx512_vaes, avx512_vnni, clflush, clflushopt, avx512_vbmi2, avx512_vbmi, hv

Memory: 4k page, system-wide physical 16151M (4892M free)
TotalPageFile size 18199M (AvailPageFile size 190M)
current process WorkingSet (physical memory assigned to process): 192M, peak: 192M
current process commit charge ("private bytes"): 360M, peak: 559M

vm_info: Java HotSpot(TM) 64-Bit Server VM (17.0.2+8-LTS-86) for windows-amd64 JRE (17.0.2+8-LTS-86), built on Dec  7 2021 21:51:03 by "mach5one" with MS VC++ 16.8 / 16.9 (VS2019)

END.
