#
# There is insufficient memory for the Java Runtime Environment to continue.
# Native memory allocation (mmap) failed to map 266338304 bytes for G1 virtual space
# Possible reasons:
#   The system is out of physical RAM or swap space
#   The process is running with CompressedOops enabled, and the Java Heap may be blocking the growth of the native heap
# Possible solutions:
#   Reduce memory load on the system
#   Increase physical memory or swap space
#   Check if swap backing store is full
#   Decrease Java heap size (-Xmx/-Xms)
#   Decrease number of Java threads
#   Decrease Java thread stack sizes (-Xss)
#   Set larger code cache with -XX:ReservedCodeCacheSize=
#   JVM is running with Zero Based Compressed Oops mode in which the Java heap is
#     placed in the first 32GB address space. The Java Heap base address is the
#     maximum limit for the native heap growth. Please use -XX:HeapBaseMinAddress
#     to set the Java Heap base and to place the Java Heap above 32GB virtual address.
# This output file may be truncated or incomplete.
#
#  Out of Memory Error (os_windows.cpp:3532), pid=19072, tid=18008
#
# JRE version: Java(TM) SE Runtime Environment (17.0.2+8) (build 17.0.2+8-LTS-86)
# Java VM: Java HotSpot(TM) 64-Bit Server VM (17.0.2+8-LTS-86, mixed mode, sharing, tiered, compressed oops, compressed class ptrs, g1 gc, windows-amd64)
# No core dump will be written. Minidumps are not enabled by default on client versions of Windows
#

---------------  S U M M A R Y ------------

Command Line: -agentlib:jdwp=transport=dt_socket,address=127.0.0.1:13078,suspend=y,server=n -javaagent:C:\Users\vscode\AppData\Local\JetBrains\IdeaIC2022.1\captureAgent\debugger-agent.jar -Dfile.encoding=UTF-8 Main

Host: Intel(R) Core(TM) i7-1065G7 CPU @ 1.30GHz, 8 cores, 15G,  Windows 10 , 64 bit Build 17763 (10.0.17763.4974)
Time: Tue Apr  2 11:44:21 2024 Беларусь (зима) elapsed time: 0.617154 seconds (0d 0h 0m 0s)

---------------  T H R E A D  ---------------

Current thread (0x000001bd0a144af0):  VMThread "VM Thread" [stack: 0x0000007489a00000,0x0000007489b00000] [id=18008]

Stack: [0x0000007489a00000,0x0000007489b00000]
Native frames: (J=compiled Java code, j=interpreted, Vv=VM code, C=native code)
V  [jvm.dll+0x670baa]
V  [jvm.dll+0x7cfcb4]
V  [jvm.dll+0x7d145e]
V  [jvm.dll+0x7d1ac3]
V  [jvm.dll+0x242bc5]
V  [jvm.dll+0x66dac9]
V  [jvm.dll+0x662412]
V  [jvm.dll+0x300c0b]
V  [jvm.dll+0x3081a6]
V  [jvm.dll+0x357d0e]
V  [jvm.dll+0x357f3f]
V  [jvm.dll+0x2d7ec8]
V  [jvm.dll+0x2d6194]
V  [jvm.dll+0x2d579c]
V  [jvm.dll+0x3190eb]
V  [jvm.dll+0x7d5f9b]
V  [jvm.dll+0x7d6cd4]
V  [jvm.dll+0x7d71ec]
V  [jvm.dll+0x7d75c4]
V  [jvm.dll+0x7d7690]
V  [jvm.dll+0x77ff7a]
V  [jvm.dll+0x66fa35]
C  [ucrtbase.dll+0x2268a]
C  [KERNEL32.DLL+0x17ac4]
C  [ntdll.dll+0x5a4e1]

VM_Operation (0x00000074894fda10): G1CollectForAllocation, mode: safepoint, requested by thread 0x000001bd6747ad70


---------------  P R O C E S S  ---------------

Threads class SMR info:
_java_thread_list=0x000001bd0aec9680, length=16, elements={
0x000001bd6747ad70, 0x000001bd0a148260, 0x000001bd0a148e10, 0x000001bd0ac14b00,
0x000001bd0ac178e0, 0x000001bd0ac1dcb0, 0x000001bd0ac1ce40, 0x000001bd0ac21de0,
0x000001bd0ac2a7e0, 0x000001bd0ac49cc0, 0x000001bd0ac1b630, 0x000001bd0ad4e7a0,
0x000001bd0ade3f00, 0x000001bd0adf4f60, 0x000001bd0adf5450, 0x000001bd0ac1d310
}

Java Threads: ( => current thread )
  0x000001bd6747ad70 JavaThread "main" [_thread_blocked, id=12368, stack(0x0000007489400000,0x0000007489500000)]
  0x000001bd0a148260 JavaThread "Reference Handler" daemon [_thread_blocked, id=20708, stack(0x0000007489b00000,0x0000007489c00000)]
  0x000001bd0a148e10 JavaThread "Finalizer" daemon [_thread_blocked, id=16008, stack(0x0000007489c00000,0x0000007489d00000)]
  0x000001bd0ac14b00 JavaThread "Signal Dispatcher" daemon [_thread_blocked, id=19844, stack(0x0000007489d00000,0x0000007489e00000)]
  0x000001bd0ac178e0 JavaThread "Attach Listener" daemon [_thread_blocked, id=20264, stack(0x0000007489e00000,0x0000007489f00000)]
  0x000001bd0ac1dcb0 JavaThread "Service Thread" daemon [_thread_blocked, id=12632, stack(0x0000007489f00000,0x000000748a000000)]
  0x000001bd0ac1ce40 JavaThread "Monitor Deflation Thread" daemon [_thread_blocked, id=21968, stack(0x000000748a000000,0x000000748a100000)]
  0x000001bd0ac21de0 JavaThread "C2 CompilerThread0" daemon [_thread_in_native, id=10084, stack(0x000000748a100000,0x000000748a200000)]
  0x000001bd0ac2a7e0 JavaThread "C1 CompilerThread0" daemon [_thread_blocked, id=4936, stack(0x000000748a200000,0x000000748a300000)]
  0x000001bd0ac49cc0 JavaThread "Sweeper thread" daemon [_thread_blocked, id=3912, stack(0x000000748a300000,0x000000748a400000)]
  0x000001bd0ac1b630 JavaThread "Common-Cleaner" daemon [_thread_blocked, id=10076, stack(0x000000748a400000,0x000000748a500000)]
  0x000001bd0ad4e7a0 JavaThread "C2 CompilerThread1" daemon [_thread_blocked, id=23128, stack(0x000000748a500000,0x000000748a600000)]
  0x000001bd0ade3f00 JavaThread "JDWP Transport Listener: dt_socket" daemon [_thread_blocked, id=3588, stack(0x000000748a600000,0x000000748a700000)]
  0x000001bd0adf4f60 JavaThread "JDWP Event Helper Thread" daemon [_thread_blocked, id=19660, stack(0x000000748a700000,0x000000748a800000)]
  0x000001bd0adf5450 JavaThread "JDWP Command Reader" daemon [_thread_in_native, id=16424, stack(0x000000748a800000,0x000000748a900000)]
  0x000001bd0ac1d310 JavaThread "Notification Thread" daemon [_thread_blocked, id=21212, stack(0x000000748a900000,0x000000748aa00000)]

Other Threads:
=>0x000001bd0a144af0 VMThread "VM Thread" [stack: 0x0000007489a00000,0x0000007489b00000] [id=18008]
  0x000001bd67536060 WatcherThread [stack: 0x000000748aa00000,0x000000748ab00000] [id=15604]
  0x000001bd674cce90 GCTaskThread "GC Thread#0" [stack: 0x0000007489500000,0x0000007489600000] [id=20416]
  0x000001bd0af14860 GCTaskThread "GC Thread#1" [stack: 0x000000748ab00000,0x000000748ac00000] [id=13760]
  0x000001bd0aef1a60 GCTaskThread "GC Thread#2" [stack: 0x000000748ac00000,0x000000748ad00000] [id=19372]
  0x000001bd0b18e570 GCTaskThread "GC Thread#3" [stack: 0x000000748ad00000,0x000000748ae00000] [id=14944]
  0x000001bd0b18e820 GCTaskThread "GC Thread#4" [stack: 0x000000748ae00000,0x000000748af00000] [id=20192]
  0x000001bd0b18ead0 GCTaskThread "GC Thread#5" [stack: 0x000000748af00000,0x000000748b000000] [id=18320]
  0x000001bd0b003900 GCTaskThread "GC Thread#6" [stack: 0x000000748b000000,0x000000748b100000] [id=272]
  0x000001bd0b004bc0 GCTaskThread "GC Thread#7" [stack: 0x000000748b100000,0x000000748b200000] [id=9220]
  0x000001bd674dda20 ConcurrentGCThread "G1 Main Marker" [stack: 0x0000007489600000,0x0000007489700000] [id=23596]
  0x000001bd674e0000 ConcurrentGCThread "G1 Conc#0" [stack: 0x0000007489700000,0x0000007489800000] [id=23648]
  0x000001bd09ffb600 ConcurrentGCThread "G1 Refine#0" [stack: 0x0000007489800000,0x0000007489900000] [id=13792]
  0x000001bd0b872270 ConcurrentGCThread "G1 Refine#1" [stack: 0x000000748b200000,0x000000748b300000] [id=9764]
  0x000001bd0b87a5b0 ConcurrentGCThread "G1 Refine#2" [stack: 0x000000748b300000,0x000000748b400000] [id=16184]
  0x000001bd09ffc540 ConcurrentGCThread "G1 Service" [stack: 0x0000007489900000,0x0000007489a00000] [id=15488]

Threads with active compile tasks:
C2 CompilerThread0      631  386       4       java.io.BufferedReader::fill (170 bytes)
C2 CompilerThread1      631  390       4       sun.nio.cs.StreamDecoder::implRead (243 bytes)

VM state: at safepoint (normal execution)

VM Mutex/Monitor currently owned by a thread:  ([mutex/lock_event])
[0x000001bd67477f70] Threads_lock - owner thread: 0x000001bd0a144af0
[0x000001bd674773a0] Heap_lock - owner thread: 0x000001bd6747ad70

Heap address: 0x0000000703a00000, size: 4038 MB, Compressed Oops mode: Zero based, Oop shift amount: 3

CDS archive(s) mapped at: [0x0000000800000000-0x0000000800bc0000-0x0000000800bc0000), size 12320768, SharedBaseAddress: 0x0000000800000000, ArchiveRelocationMode: 0.
Compressed class space mapped at: 0x0000000800c00000-0x0000000840c00000, reserved size: 1073741824
Narrow klass base: 0x0000000800000000, Narrow klass shift: 0, Narrow klass range: 0x100000000

GC Precious Log:
 CPUs: 8 total, 8 available
 Memory: 16151M
 Large Page Support: Disabled
 NUMA Support: Disabled
 Compressed Oops: Enabled (Zero based)
 Heap Region Size: 2M
 Heap Min Capacity: 8M
 Heap Initial Capacity: 254M
 Heap Max Capacity: 4038M
 Pre-touch: Disabled
 Parallel Workers: 8
 Concurrent Workers: 2
 Concurrent Refinement Workers: 8
 Periodic GC: Disabled

Heap:
 garbage-first heap   total 260096K, used 126513K [0x0000000703a00000, 0x0000000800000000)
  region size 2048K, 3 young (6144K), 3 survivors (6144K)
 Metaspace       used 894K, committed 1024K, reserved 1056768K
  class space    used 64K, committed 128K, reserved 1048576K

Heap Regions: E=young(eden), S=young(survivor), O=old, HS=humongous(starts), HC=humongous(continues), CS=collection set, F=free, OA=open archive, CA=closed archive, TAMS=top-at-mark-start (previous, next)
|   0|0x0000000703a00000, 0x0000000703c00000, 0x0000000703c00000|100%| O|  |TAMS 0x0000000703a00000, 0x0000000703a00000| Untracked 
|   1|0x0000000703c00000, 0x0000000703e00000, 0x0000000703e00000|100%| O|  |TAMS 0x0000000703c00000, 0x0000000703c00000| Untracked 
|   2|0x0000000703e00000, 0x0000000704000000, 0x0000000704000000|100%| O|  |TAMS 0x0000000703e00000, 0x0000000703e00000| Untracked 
|   3|0x0000000704000000, 0x0000000704200000, 0x0000000704200000|100%| O|  |TAMS 0x0000000704000000, 0x0000000704000000| Untracked 
|   4|0x0000000704200000, 0x0000000704400000, 0x0000000704400000|100%| O|  |TAMS 0x0000000704200000, 0x0000000704200000| Untracked 
|   5|0x0000000704400000, 0x0000000704600000, 0x0000000704600000|100%| O|  |TAMS 0x0000000704400000, 0x0000000704400000| Untracked 
|   6|0x0000000704600000, 0x0000000704800000, 0x0000000704800000|100%| O|  |TAMS 0x0000000704600000, 0x0000000704600000| Untracked 
|   7|0x0000000704800000, 0x0000000704a00000, 0x0000000704a00000|100%| O|  |TAMS 0x0000000704800000, 0x0000000704800000| Untracked 
|   8|0x0000000704a00000, 0x0000000704c00000, 0x0000000704c00000|100%| O|  |TAMS 0x0000000704a00000, 0x0000000704a00000| Untracked 
|   9|0x0000000704c00000, 0x0000000704e00000, 0x0000000704e00000|100%| O|  |TAMS 0x0000000704c00000, 0x0000000704c00000| Untracked 
|  10|0x0000000704e00000, 0x0000000705000000, 0x0000000705000000|100%| O|  |TAMS 0x0000000704e00000, 0x0000000704e00000| Untracked 
|  11|0x0000000705000000, 0x0000000705200000, 0x0000000705200000|100%| O|  |TAMS 0x0000000705000000, 0x0000000705000000| Untracked 
|  12|0x0000000705200000, 0x0000000705400000, 0x0000000705400000|100%| O|  |TAMS 0x0000000705200000, 0x0000000705200000| Untracked 
|  13|0x0000000705400000, 0x0000000705600000, 0x0000000705600000|100%| O|  |TAMS 0x0000000705400000, 0x0000000705400000| Untracked 
|  14|0x0000000705600000, 0x0000000705800000, 0x0000000705800000|100%| O|  |TAMS 0x0000000705600000, 0x0000000705600000| Untracked 
|  15|0x0000000705800000, 0x0000000705a00000, 0x0000000705a00000|100%| O|  |TAMS 0x0000000705800000, 0x0000000705800000| Untracked 
|  16|0x0000000705a00000, 0x0000000705c00000, 0x0000000705c00000|100%| O|  |TAMS 0x0000000705a00000, 0x0000000705a00000| Untracked 
|  17|0x0000000705c00000, 0x0000000705e00000, 0x0000000705e00000|100%| O|  |TAMS 0x0000000705c00000, 0x0000000705c00000| Untracked 
|  18|0x0000000705e00000, 0x0000000706000000, 0x0000000706000000|100%| O|  |TAMS 0x0000000705e00000, 0x0000000705e00000| Untracked 
|  19|0x0000000706000000, 0x0000000706200000, 0x0000000706200000|100%| O|  |TAMS 0x0000000706000000, 0x0000000706000000| Untracked 
|  20|0x0000000706200000, 0x0000000706400000, 0x0000000706400000|100%| O|  |TAMS 0x0000000706200000, 0x0000000706200000| Untracked 
|  21|0x0000000706400000, 0x0000000706600000, 0x0000000706600000|100%| O|  |TAMS 0x0000000706400000, 0x0000000706400000| Untracked 
|  22|0x0000000706600000, 0x0000000706800000, 0x0000000706800000|100%| O|  |TAMS 0x0000000706600000, 0x0000000706600000| Untracked 
|  23|0x0000000706800000, 0x0000000706a00000, 0x0000000706a00000|100%| O|  |TAMS 0x0000000706800000, 0x0000000706800000| Untracked 
|  24|0x0000000706a00000, 0x0000000706c00000, 0x0000000706c00000|100%|HS|  |TAMS 0x0000000706a00000, 0x0000000706a00000| Complete 
|  25|0x0000000706c00000, 0x0000000706e00000, 0x0000000706e00000|100%| O|  |TAMS 0x0000000706c00000, 0x0000000706c00000| Untracked 
|  26|0x0000000706e00000, 0x0000000707000000, 0x0000000707000000|100%| O|  |TAMS 0x0000000706e00000, 0x0000000706e00000| Untracked 
|  27|0x0000000707000000, 0x0000000707200000, 0x0000000707200000|100%| O|  |TAMS 0x0000000707000000, 0x0000000707000000| Untracked 
|  28|0x0000000707200000, 0x0000000707400000, 0x0000000707400000|100%| O|  |TAMS 0x0000000707200000, 0x0000000707200000| Untracked 
|  29|0x0000000707400000, 0x0000000707600000, 0x0000000707600000|100%| O|  |TAMS 0x0000000707400000, 0x0000000707400000| Untracked 
|  30|0x0000000707600000, 0x0000000707800000, 0x0000000707800000|100%| O|  |TAMS 0x0000000707600000, 0x0000000707600000| Untracked 
|  31|0x0000000707800000, 0x0000000707a00000, 0x0000000707a00000|100%| O|  |TAMS 0x0000000707800000, 0x0000000707800000| Untracked 
|  32|0x0000000707a00000, 0x0000000707c00000, 0x0000000707c00000|100%| O|  |TAMS 0x0000000707a00000, 0x0000000707a00000| Untracked 
|  33|0x0000000707c00000, 0x0000000707e00000, 0x0000000707e00000|100%| O|  |TAMS 0x0000000707c00000, 0x0000000707c00000| Untracked 
|  34|0x0000000707e00000, 0x0000000708000000, 0x0000000708000000|100%| O|  |TAMS 0x0000000707e00000, 0x0000000707e00000| Untracked 
|  35|0x0000000708000000, 0x0000000708200000, 0x0000000708200000|100%| O|  |TAMS 0x0000000708000000, 0x0000000708000000| Untracked 
|  36|0x0000000708200000, 0x0000000708400000, 0x0000000708400000|100%| O|  |TAMS 0x0000000708200000, 0x0000000708200000| Untracked 
|  37|0x0000000708400000, 0x0000000708600000, 0x0000000708600000|100%| O|  |TAMS 0x0000000708400000, 0x0000000708400000| Untracked 
|  38|0x0000000708600000, 0x0000000708800000, 0x0000000708800000|100%|HS|  |TAMS 0x0000000708600000, 0x0000000708600000| Complete 
|  39|0x0000000708800000, 0x0000000708a00000, 0x0000000708a00000|100%|HC|  |TAMS 0x0000000708800000, 0x0000000708800000| Complete 
|  40|0x0000000708a00000, 0x0000000708c00000, 0x0000000708c00000|100%| O|  |TAMS 0x0000000708a00000, 0x0000000708a00000| Untracked 
|  41|0x0000000708c00000, 0x0000000708e00000, 0x0000000708e00000|100%| O|  |TAMS 0x0000000708c00000, 0x0000000708c00000| Untracked 
|  42|0x0000000708e00000, 0x0000000709000000, 0x0000000709000000|100%| O|  |TAMS 0x0000000708e00000, 0x0000000708e00000| Untracked 
|  43|0x0000000709000000, 0x0000000709200000, 0x0000000709200000|100%| O|  |TAMS 0x0000000709000000, 0x0000000709000000| Untracked 
|  44|0x0000000709200000, 0x0000000709400000, 0x0000000709400000|100%| O|  |TAMS 0x0000000709200000, 0x0000000709200000| Untracked 
|  45|0x0000000709400000, 0x0000000709600000, 0x0000000709600000|100%| O|  |TAMS 0x0000000709400000, 0x0000000709400000| Untracked 
|  46|0x0000000709600000, 0x0000000709800000, 0x0000000709800000|100%| O|  |TAMS 0x0000000709600000, 0x0000000709600000| Untracked 
|  47|0x0000000709800000, 0x0000000709a00000, 0x0000000709a00000|100%| O|  |TAMS 0x0000000709800000, 0x0000000709800000| Untracked 
|  48|0x0000000709a00000, 0x0000000709c00000, 0x0000000709c00000|100%| O|  |TAMS 0x0000000709a00000, 0x0000000709a00000| Untracked 
|  49|0x0000000709c00000, 0x0000000709e00000, 0x0000000709e00000|100%| O|  |TAMS 0x0000000709c00000, 0x0000000709c00000| Untracked 
|  50|0x0000000709e00000, 0x000000070a000000, 0x000000070a000000|100%| O|  |TAMS 0x0000000709e00000, 0x0000000709e00000| Untracked 
|  51|0x000000070a000000, 0x000000070a200000, 0x000000070a200000|100%| O|  |TAMS 0x000000070a000000, 0x000000070a000000| Untracked 
|  52|0x000000070a200000, 0x000000070a400000, 0x000000070a400000|100%| O|  |TAMS 0x000000070a200000, 0x000000070a200000| Untracked 
|  53|0x000000070a400000, 0x000000070a600000, 0x000000070a600000|100%| O|  |TAMS 0x000000070a400000, 0x000000070a400000| Untracked 
|  54|0x000000070a600000, 0x000000070a800000, 0x000000070a800000|100%| O|  |TAMS 0x000000070a600000, 0x000000070a600000| Untracked 
|  55|0x000000070a800000, 0x000000070aa00000, 0x000000070aa00000|100%| O|  |TAMS 0x000000070a800000, 0x000000070a800000| Untracked 
|  56|0x000000070aa00000, 0x000000070ac00000, 0x000000070ac00000|100%| O|  |TAMS 0x000000070aa00000, 0x000000070aa00000| Untracked 
|  57|0x000000070ac00000, 0x000000070ae00000, 0x000000070ae00000|100%| O|  |TAMS 0x000000070ac00000, 0x000000070ac00000| Untracked 
|  58|0x000000070ae00000, 0x000000070af8c400, 0x000000070b000000| 77%| O|  |TAMS 0x000000070ae00000, 0x000000070ae00000| Untracked 
|  59|0x000000070b000000, 0x000000070b000000, 0x000000070b200000|  0%| F|  |TAMS 0x000000070b000000, 0x000000070b000000| Untracked 
|  60|0x000000070b200000, 0x000000070b200000, 0x000000070b400000|  0%| F|  |TAMS 0x000000070b200000, 0x000000070b200000| Untracked 
|  61|0x000000070b400000, 0x000000070b400000, 0x000000070b600000|  0%| F|  |TAMS 0x000000070b400000, 0x000000070b400000| Untracked 
|  62|0x000000070b600000, 0x000000070b600000, 0x000000070b800000|  0%| F|  |TAMS 0x000000070b600000, 0x000000070b600000| Untracked 
|  63|0x000000070b800000, 0x000000070b800000, 0x000000070ba00000|  0%| F|  |TAMS 0x000000070b800000, 0x000000070b800000| Untracked 
|  64|0x000000070ba00000, 0x000000070ba00000, 0x000000070bc00000|  0%| F|  |TAMS 0x000000070ba00000, 0x000000070ba00000| Untracked 
|  65|0x000000070bc00000, 0x000000070bc00000, 0x000000070be00000|  0%| F|  |TAMS 0x000000070bc00000, 0x000000070bc00000| Untracked 
|  66|0x000000070be00000, 0x000000070be00000, 0x000000070c000000|  0%| F|  |TAMS 0x000000070be00000, 0x000000070be00000| Untracked 
|  67|0x000000070c000000, 0x000000070c000000, 0x000000070c200000|  0%| F|  |TAMS 0x000000070c000000, 0x000000070c000000| Untracked 
|  68|0x000000070c200000, 0x000000070c200000, 0x000000070c400000|  0%| F|  |TAMS 0x000000070c200000, 0x000000070c200000| Untracked 
|  69|0x000000070c400000, 0x000000070c400000, 0x000000070c600000|  0%| F|  |TAMS 0x000000070c400000, 0x000000070c400000| Untracked 
|  70|0x000000070c600000, 0x000000070c600000, 0x000000070c800000|  0%| F|  |TAMS 0x000000070c600000, 0x000000070c600000| Untracked 
|  71|0x000000070c800000, 0x000000070c800000, 0x000000070ca00000|  0%| F|  |TAMS 0x000000070c800000, 0x000000070c800000| Untracked 
|  72|0x000000070ca00000, 0x000000070ca00000, 0x000000070cc00000|  0%| F|  |TAMS 0x000000070ca00000, 0x000000070ca00000| Untracked 
|  73|0x000000070cc00000, 0x000000070cc00000, 0x000000070ce00000|  0%| F|  |TAMS 0x000000070cc00000, 0x000000070cc00000| Untracked 
|  74|0x000000070ce00000, 0x000000070ce00000, 0x000000070d000000|  0%| F|  |TAMS 0x000000070ce00000, 0x000000070ce00000| Untracked 
|  75|0x000000070d000000, 0x000000070d000000, 0x000000070d200000|  0%| F|  |TAMS 0x000000070d000000, 0x000000070d000000| Untracked 
|  76|0x000000070d200000, 0x000000070d200000, 0x000000070d400000|  0%| F|  |TAMS 0x000000070d200000, 0x000000070d200000| Untracked 
|  77|0x000000070d400000, 0x000000070d400000, 0x000000070d600000|  0%| F|  |TAMS 0x000000070d400000, 0x000000070d400000| Untracked 
|  78|0x000000070d600000, 0x000000070d600000, 0x000000070d800000|  0%| F|  |TAMS 0x000000070d600000, 0x000000070d600000| Untracked 
|  79|0x000000070d800000, 0x000000070d800000, 0x000000070da00000|  0%| F|  |TAMS 0x000000070d800000, 0x000000070d800000| Untracked 
|  80|0x000000070da00000, 0x000000070da00000, 0x000000070dc00000|  0%| F|  |TAMS 0x000000070da00000, 0x000000070da00000| Untracked 
|  81|0x000000070dc00000, 0x000000070dc00000, 0x000000070de00000|  0%| F|  |TAMS 0x000000070dc00000, 0x000000070dc00000| Untracked 
|  82|0x000000070de00000, 0x000000070de00000, 0x000000070e000000|  0%| F|  |TAMS 0x000000070de00000, 0x000000070de00000| Untracked 
|  83|0x000000070e000000, 0x000000070e000000, 0x000000070e200000|  0%| F|  |TAMS 0x000000070e000000, 0x000000070e000000| Untracked 
|  84|0x000000070e200000, 0x000000070e200000, 0x000000070e400000|  0%| F|  |TAMS 0x000000070e200000, 0x000000070e200000| Untracked 
|  85|0x000000070e400000, 0x000000070e400000, 0x000000070e600000|  0%| F|  |TAMS 0x000000070e400000, 0x000000070e400000| Untracked 
|  86|0x000000070e600000, 0x000000070e600000, 0x000000070e800000|  0%| F|  |TAMS 0x000000070e600000, 0x000000070e600000| Untracked 
|  87|0x000000070e800000, 0x000000070e800000, 0x000000070ea00000|  0%| F|  |TAMS 0x000000070e800000, 0x000000070e800000| Untracked 
|  88|0x000000070ea00000, 0x000000070ea00000, 0x000000070ec00000|  0%| F|  |TAMS 0x000000070ea00000, 0x000000070ea00000| Untracked 
|  89|0x000000070ec00000, 0x000000070ec00000, 0x000000070ee00000|  0%| F|  |TAMS 0x000000070ec00000, 0x000000070ec00000| Untracked 
|  90|0x000000070ee00000, 0x000000070ee00000, 0x000000070f000000|  0%| F|  |TAMS 0x000000070ee00000, 0x000000070ee00000| Untracked 
|  91|0x000000070f000000, 0x000000070f000000, 0x000000070f200000|  0%| F|  |TAMS 0x000000070f000000, 0x000000070f000000| Untracked 
|  92|0x000000070f200000, 0x000000070f200000, 0x000000070f400000|  0%| F|  |TAMS 0x000000070f200000, 0x000000070f200000| Untracked 
|  93|0x000000070f400000, 0x000000070f400000, 0x000000070f600000|  0%| F|  |TAMS 0x000000070f400000, 0x000000070f400000| Untracked 
|  94|0x000000070f600000, 0x000000070f600000, 0x000000070f800000|  0%| F|  |TAMS 0x000000070f600000, 0x000000070f600000| Untracked 
|  95|0x000000070f800000, 0x000000070f800000, 0x000000070fa00000|  0%| F|  |TAMS 0x000000070f800000, 0x000000070f800000| Untracked 
|  96|0x000000070fa00000, 0x000000070fa00000, 0x000000070fc00000|  0%| F|  |TAMS 0x000000070fa00000, 0x000000070fa00000| Untracked 
|  97|0x000000070fc00000, 0x000000070fc00000, 0x000000070fe00000|  0%| F|  |TAMS 0x000000070fc00000, 0x000000070fc00000| Untracked 
|  98|0x000000070fe00000, 0x000000070fe00000, 0x0000000710000000|  0%| F|  |TAMS 0x000000070fe00000, 0x000000070fe00000| Untracked 
|  99|0x0000000710000000, 0x0000000710000000, 0x0000000710200000|  0%| F|  |TAMS 0x0000000710000000, 0x0000000710000000| Untracked 
| 100|0x0000000710200000, 0x0000000710200000, 0x0000000710400000|  0%| F|  |TAMS 0x0000000710200000, 0x0000000710200000| Untracked 
| 101|0x0000000710400000, 0x0000000710400000, 0x0000000710600000|  0%| F|  |TAMS 0x0000000710400000, 0x0000000710400000| Untracked 
| 102|0x0000000710600000, 0x0000000710800000, 0x0000000710800000|100%| S|CS|TAMS 0x0000000710600000, 0x0000000710600000| Complete 
| 103|0x0000000710800000, 0x0000000710a00000, 0x0000000710a00000|100%| S|CS|TAMS 0x0000000710800000, 0x0000000710800000| Complete 
| 104|0x0000000710a00000, 0x0000000710c00000, 0x0000000710c00000|100%| S|CS|TAMS 0x0000000710a00000, 0x0000000710a00000| Complete 
| 105|0x0000000710c00000, 0x0000000710c00000, 0x0000000710e00000|  0%| F|  |TAMS 0x0000000710c00000, 0x0000000710c00000| Untracked 
| 106|0x0000000710e00000, 0x0000000710e00000, 0x0000000711000000|  0%| F|  |TAMS 0x0000000710e00000, 0x0000000710e00000| Untracked 
| 107|0x0000000711000000, 0x0000000711000000, 0x0000000711200000|  0%| F|  |TAMS 0x0000000711000000, 0x0000000711000000| Untracked 
| 108|0x0000000711200000, 0x0000000711200000, 0x0000000711400000|  0%| F|  |TAMS 0x0000000711200000, 0x0000000711200000| Untracked 
| 109|0x0000000711400000, 0x0000000711400000, 0x0000000711600000|  0%| F|  |TAMS 0x0000000711400000, 0x0000000711400000| Untracked 
| 110|0x0000000711600000, 0x0000000711600000, 0x0000000711800000|  0%| F|  |TAMS 0x0000000711600000, 0x0000000711600000| Untracked 
| 111|0x0000000711800000, 0x0000000711800000, 0x0000000711a00000|  0%| F|  |TAMS 0x0000000711800000, 0x0000000711800000| Untracked 
| 112|0x0000000711a00000, 0x0000000711a00000, 0x0000000711c00000|  0%| F|  |TAMS 0x0000000711a00000, 0x0000000711a00000| Untracked 
| 113|0x0000000711c00000, 0x0000000711c00000, 0x0000000711e00000|  0%| F|  |TAMS 0x0000000711c00000, 0x0000000711c00000| Untracked 
| 114|0x0000000711e00000, 0x0000000711e00000, 0x0000000712000000|  0%| F|  |TAMS 0x0000000711e00000, 0x0000000711e00000| Untracked 
| 115|0x0000000712000000, 0x0000000712000000, 0x0000000712200000|  0%| F|  |TAMS 0x0000000712000000, 0x0000000712000000| Untracked 
| 116|0x0000000712200000, 0x0000000712200000, 0x0000000712400000|  0%| F|  |TAMS 0x0000000712200000, 0x0000000712200000| Untracked 
| 117|0x0000000712400000, 0x0000000712400000, 0x0000000712600000|  0%| F|  |TAMS 0x0000000712400000, 0x0000000712400000| Untracked 
| 118|0x0000000712600000, 0x0000000712600000, 0x0000000712800000|  0%| F|  |TAMS 0x0000000712600000, 0x0000000712600000| Untracked 
| 119|0x0000000712800000, 0x0000000712800000, 0x0000000712a00000|  0%| F|  |TAMS 0x0000000712800000, 0x0000000712800000| Untracked 
| 120|0x0000000712a00000, 0x0000000712a00000, 0x0000000712c00000|  0%| F|  |TAMS 0x0000000712a00000, 0x0000000712a00000| Untracked 
| 121|0x0000000712c00000, 0x0000000712c00000, 0x0000000712e00000|  0%| F|  |TAMS 0x0000000712c00000, 0x0000000712c00000| Untracked 
| 122|0x0000000712e00000, 0x0000000712e00000, 0x0000000713000000|  0%| F|  |TAMS 0x0000000712e00000, 0x0000000712e00000| Untracked 
| 123|0x0000000713000000, 0x0000000713000000, 0x0000000713200000|  0%| F|  |TAMS 0x0000000713000000, 0x0000000713000000| Untracked 
| 124|0x0000000713200000, 0x0000000713200000, 0x0000000713400000|  0%| F|  |TAMS 0x0000000713200000, 0x0000000713200000| Untracked 
| 125|0x0000000713400000, 0x0000000713400000, 0x0000000713600000|  0%| F|  |TAMS 0x0000000713400000, 0x0000000713400000| Untracked 
| 126|0x0000000713600000, 0x0000000713600000, 0x0000000713800000|  0%| F|  |TAMS 0x0000000713600000, 0x0000000713600000| Untracked 

Card table byte_map: [0x000001bd7e7e0000,0x000001bd7efd0000] _byte_map_base: 0x000001bd7afc3000

Marking Bits (Prev, Next): (CMBitMap*) 0x000001bd674cd4a0, (CMBitMap*) 0x000001bd674cd4e0
 Prev Bits: [0x000001bd00000000, 0x000001bd03f18000)
 Next Bits: [0x000001bd03f20000, 0x000001bd07e38000)

Polling page: 0x000001bd65350000

Metaspace:

Usage:
  Non-class:    829.16 KB used.
      Class:     64.95 KB used.
       Both:    894.10 KB used.

Virtual space:
  Non-class space:        8.00 MB reserved,     896.00 KB ( 11%) committed,  1 nodes.
      Class space:        1.00 GB reserved,     128.00 KB ( <1%) committed,  1 nodes.
             Both:        1.01 GB reserved,       1.00 MB ( <1%) committed. 

Chunk freelists:
   Non-Class:  3.96 MB
       Class:  3.74 MB
        Both:  7.71 MB

MaxMetaspaceSize: unlimited
CompressedClassSpaceSize: 1.00 GB
Initial GC threshold: 21.00 MB
Current GC threshold: 21.00 MB
CDS: on
MetaspaceReclaimPolicy: balanced
 - commit_granule_bytes: 65536.
 - commit_granule_words: 8192.
 - virtual_space_node_default_size: 1048576.
 - enlarge_chunks_in_place: 1.
 - new_chunks_are_fully_committed: 0.
 - uncommit_free_chunks: 1.
 - use_allocation_guard: 0.
 - handle_deallocations: 1.


Internal statistics:

num_allocs_failed_limit: 0.
num_arena_births: 8.
num_arena_deaths: 0.
num_vsnodes_births: 2.
num_vsnodes_deaths: 0.
num_space_committed: 16.
num_space_uncommitted: 0.
num_chunks_returned_to_freelist: 0.
num_chunks_taken_from_freelist: 13.
num_chunk_merges: 0.
num_chunk_splits: 6.
num_chunks_enlarged: 3.
num_purges: 0.
num_inconsistent_stats: 0.

CodeHeap 'non-profiled nmethods': size=120000Kb used=186Kb max_used=186Kb free=119814Kb
 bounds [0x000001bd76790000, 0x000001bd76a00000, 0x000001bd7dcc0000]
CodeHeap 'profiled nmethods': size=120000Kb used=511Kb max_used=511Kb free=119488Kb
 bounds [0x000001bd6f260000, 0x000001bd6f4d0000, 0x000001bd76790000]
CodeHeap 'non-nmethods': size=5760Kb used=1202Kb max_used=1226Kb free=4557Kb
 bounds [0x000001bd6ecc0000, 0x000001bd6ef30000, 0x000001bd6f260000]
 total_blobs=783 nmethods=388 adapters=307
 compilation: enabled
              stopped_count=0, restarted_count=0
 full_count=0

Compilation events (20 events):
Event: 0.381 Thread 0x000001bd0ac21de0 nmethod 378 0x000001bd767b2c90 code [0x000001bd767b2e20, 0x000001bd767b2f38]
Event: 0.382 Thread 0x000001bd0ac21de0  381       4       java.lang.System$2::decodeASCII (11 bytes)
Event: 0.387 Thread 0x000001bd0ac21de0 nmethod 381 0x000001bd767b3090 code [0x000001bd767b3200, 0x000001bd767b3538]
Event: 0.387 Thread 0x000001bd0ad4e7a0 nmethod 380 0x000001bd767b3690 code [0x000001bd767b3840, 0x000001bd767b3aa8]
Event: 0.393 Thread 0x000001bd0ad4e7a0  382 % !   4       java.nio.file.Files::readAllLines @ 14 (76 bytes)
Event: 0.394 Thread 0x000001bd0ac21de0  383       4       java.lang.AbstractStringBuilder::checkRange (63 bytes)
Event: 0.394 Thread 0x000001bd0ac21de0 nmethod 383 0x000001bd767b3e10 code [0x000001bd767b3f80, 0x000001bd767b4038]
Event: 0.394 Thread 0x000001bd0ac21de0  384       4       java.nio.ByteBuffer::flip (7 bytes)
Event: 0.395 Thread 0x000001bd0ac21de0 nmethod 384 0x000001bd767b4110 code [0x000001bd767b4280, 0x000001bd767b4318]
Event: 0.396 Thread 0x000001bd0ac21de0  385       4       sun.nio.cs.UTF_8$Decoder::decodeArrayLoop (688 bytes)
Event: 0.400 Thread 0x000001bd0ad4e7a0 nmethod 382% 0x000001bd767b4410 code [0x000001bd767b45e0, 0x000001bd767b4ab0]
Event: 0.401 Thread 0x000001bd0ac21de0 nmethod 385 0x000001bd767b4e90 code [0x000001bd767b5020, 0x000001bd767b5a58]
Event: 0.421 Thread 0x000001bd0ac21de0  386       4       java.io.BufferedReader::fill (170 bytes)
Event: 0.430 Thread 0x000001bd0ad4e7a0  387       4       jdk.internal.misc.Unsafe::checkNativeAddress (28 bytes)
Event: 0.430 Thread 0x000001bd0ad4e7a0 nmethod 387 0x000001bd767b6310 code [0x000001bd767b6480, 0x000001bd767b64f8]
Event: 0.431 Thread 0x000001bd0ad4e7a0  388       4       java.nio.Buffer::<init> (105 bytes)
Event: 0.434 Thread 0x000001bd0ad4e7a0 nmethod 388 0x000001bd767b6610 code [0x000001bd767b67a0, 0x000001bd767b6b98]
Event: 0.434 Thread 0x000001bd0ad4e7a0  389       4       java.nio.MappedByteBuffer::limit (6 bytes)
Event: 0.435 Thread 0x000001bd0ad4e7a0 nmethod 389 0x000001bd767b6e90 code [0x000001bd767b7000, 0x000001bd767b7138]
Event: 0.435 Thread 0x000001bd0ad4e7a0  390       4       sun.nio.cs.StreamDecoder::implRead (243 bytes)

GC Heap History (9 events):
Event: 0.343 GC heap before
{Heap before GC invocations=0 (full 0):
 garbage-first heap   total 260096K, used 22528K [0x0000000703a00000, 0x0000000800000000)
  region size 2048K, 11 young (22528K), 0 survivors (0K)
 Metaspace       used 887K, committed 1024K, reserved 1056768K
  class space    used 64K, committed 128K, reserved 1048576K
}
Event: 0.350 GC heap after
{Heap after GC invocations=1 (full 0):
 garbage-first heap   total 260096K, used 17216K [0x0000000703a00000, 0x0000000800000000)
  region size 2048K, 2 young (4096K), 2 survivors (4096K)
 Metaspace       used 887K, committed 1024K, reserved 1056768K
  class space    used 64K, committed 128K, reserved 1048576K
}
Event: 0.383 GC heap before
{Heap before GC invocations=1 (full 0):
 garbage-first heap   total 260096K, used 29504K [0x0000000703a00000, 0x0000000800000000)
  region size 2048K, 8 young (16384K), 2 survivors (4096K)
 Metaspace       used 890K, committed 1024K, reserved 1056768K
  class space    used 64K, committed 128K, reserved 1048576K
}
Event: 0.387 GC heap after
{Heap after GC invocations=2 (full 0):
 garbage-first heap   total 260096K, used 29533K [0x0000000703a00000, 0x0000000800000000)
  region size 2048K, 1 young (2048K), 1 survivors (2048K)
 Metaspace       used 890K, committed 1024K, reserved 1056768K
  class space    used 64K, committed 128K, reserved 1048576K
}
Event: 0.421 GC heap before
{Heap before GC invocations=2 (full 0):
 garbage-first heap   total 260096K, used 52061K [0x0000000703a00000, 0x0000000800000000)
  region size 2048K, 13 young (26624K), 1 survivors (2048K)
 Metaspace       used 890K, committed 1024K, reserved 1056768K
  class space    used 64K, committed 128K, reserved 1048576K
}
Event: 0.428 GC heap after
{Heap after GC invocations=3 (full 0):
 garbage-first heap   total 260096K, used 52514K [0x0000000703a00000, 0x0000000800000000)
  region size 2048K, 2 young (4096K), 2 survivors (4096K)
 Metaspace       used 890K, committed 1024K, reserved 1056768K
  class space    used 64K, committed 128K, reserved 1048576K
}
Event: 0.492 GC heap before
{Heap before GC invocations=3 (full 0):
 garbage-first heap   total 260096K, used 85282K [0x0000000703a00000, 0x0000000800000000)
  region size 2048K, 17 young (34816K), 2 survivors (4096K)
 Metaspace       used 894K, committed 1024K, reserved 1056768K
  class space    used 64K, committed 128K, reserved 1048576K
}
Event: 0.503 GC heap after
{Heap after GC invocations=4 (full 0):
 garbage-first heap   total 260096K, used 83968K [0x0000000703a00000, 0x0000000800000000)
  region size 2048K, 3 young (6144K), 3 survivors (6144K)
 Metaspace       used 894K, committed 1024K, reserved 1056768K
  class space    used 64K, committed 128K, reserved 1048576K
}
Event: 0.600 GC heap before
{Heap before GC invocations=4 (full 0):
 garbage-first heap   total 260096K, used 126976K [0x0000000703a00000, 0x0000000800000000)
  region size 2048K, 22 young (45056K), 3 survivors (6144K)
 Metaspace       used 894K, committed 1024K, reserved 1056768K
  class space    used 64K, committed 128K, reserved 1048576K
}

Deoptimization events (20 events):
Event: 0.288 Thread 0x000001bd6747ad70 DEOPT PACKING pc=0x000001bd6f2a2889 sp=0x00000074894fef30
Event: 0.288 Thread 0x000001bd6747ad70 DEOPT UNPACKING pc=0x000001bd6ed16763 sp=0x00000074894fe438 mode 0
Event: 0.289 Thread 0x000001bd6747ad70 DEOPT PACKING pc=0x000001bd6f2a2889 sp=0x00000074894fef30
Event: 0.289 Thread 0x000001bd6747ad70 DEOPT UNPACKING pc=0x000001bd6ed16763 sp=0x00000074894fe438 mode 0
Event: 0.289 Thread 0x000001bd6747ad70 DEOPT PACKING pc=0x000001bd6f2a2889 sp=0x00000074894fef30
Event: 0.289 Thread 0x000001bd6747ad70 DEOPT UNPACKING pc=0x000001bd6ed16763 sp=0x00000074894fe438 mode 0
Event: 0.289 Thread 0x000001bd6747ad70 DEOPT PACKING pc=0x000001bd6f2a2889 sp=0x00000074894fef30
Event: 0.289 Thread 0x000001bd6747ad70 DEOPT UNPACKING pc=0x000001bd6ed16763 sp=0x00000074894fe438 mode 0
Event: 0.289 Thread 0x000001bd6747ad70 DEOPT PACKING pc=0x000001bd6f2a2889 sp=0x00000074894fef30
Event: 0.289 Thread 0x000001bd6747ad70 DEOPT UNPACKING pc=0x000001bd6ed16763 sp=0x00000074894fe438 mode 0
Event: 0.289 Thread 0x000001bd6747ad70 DEOPT PACKING pc=0x000001bd6f2a2889 sp=0x00000074894fef30
Event: 0.289 Thread 0x000001bd6747ad70 DEOPT UNPACKING pc=0x000001bd6ed16763 sp=0x00000074894fe438 mode 0
Event: 0.289 Thread 0x000001bd6747ad70 DEOPT PACKING pc=0x000001bd6f2a2889 sp=0x00000074894fef30
Event: 0.289 Thread 0x000001bd6747ad70 DEOPT UNPACKING pc=0x000001bd6ed16763 sp=0x00000074894fe438 mode 0
Event: 0.289 Thread 0x000001bd6747ad70 DEOPT PACKING pc=0x000001bd6f2a2889 sp=0x00000074894fef30
Event: 0.289 Thread 0x000001bd6747ad70 DEOPT UNPACKING pc=0x000001bd6ed16763 sp=0x00000074894fe438 mode 0
Event: 0.290 Thread 0x000001bd6747ad70 DEOPT PACKING pc=0x000001bd6f2a2889 sp=0x00000074894fef30
Event: 0.290 Thread 0x000001bd6747ad70 DEOPT UNPACKING pc=0x000001bd6ed16763 sp=0x00000074894fe438 mode 0
Event: 0.403 Thread 0x000001bd6747ad70 DEOPT PACKING pc=0x000001bd6f2de3df sp=0x00000074894fefe0
Event: 0.403 Thread 0x000001bd6747ad70 DEOPT UNPACKING pc=0x000001bd6ed16763 sp=0x00000074894fe530 mode 0

Classes unloaded (0 events):
No events

Classes redefined (0 events):
No events

Internal exceptions (0 events):
No events

VM Operations (17 events):
Event: 0.100 Executing VM operation: ChangeBreakpoints
Event: 0.101 Executing VM operation: ChangeBreakpoints done
Event: 0.121 Executing VM operation: ChangeBreakpoints
Event: 0.121 Executing VM operation: ChangeBreakpoints done
Event: 0.121 Executing VM operation: ChangeBreakpoints
Event: 0.122 Executing VM operation: ChangeBreakpoints done
Event: 0.145 Executing VM operation: ChangeBreakpoints
Event: 0.145 Executing VM operation: ChangeBreakpoints done
Event: 0.342 Executing VM operation: G1CollectForAllocation
Event: 0.350 Executing VM operation: G1CollectForAllocation done
Event: 0.383 Executing VM operation: G1CollectForAllocation
Event: 0.387 Executing VM operation: G1CollectForAllocation done
Event: 0.421 Executing VM operation: G1CollectForAllocation
Event: 0.428 Executing VM operation: G1CollectForAllocation done
Event: 0.492 Executing VM operation: G1CollectForAllocation
Event: 0.503 Executing VM operation: G1CollectForAllocation done
Event: 0.600 Executing VM operation: G1CollectForAllocation

Events (20 events):
Event: 0.205 loading class sun/nio/ch/ChannelInputStream
Event: 0.205 loading class sun/nio/ch/ChannelInputStream done
Event: 0.205 loading class java/io/BufferedReader
Event: 0.205 loading class java/io/BufferedReader done
Event: 0.205 loading class java/nio/channels/SelectableChannel
Event: 0.206 loading class java/nio/channels/SelectableChannel done
Event: 0.206 loading class sun/nio/ch/NativeThread
Event: 0.206 loading class sun/nio/ch/NativeThread done
Event: 0.206 loading class sun/nio/ch/Util
Event: 0.206 loading class sun/nio/ch/Util done
Event: 0.206 loading class sun/nio/ch/Util$1
Event: 0.206 loading class sun/nio/ch/Util$1 done
Event: 0.206 loading class sun/nio/ch/Util$BufferCache
Event: 0.206 loading class sun/nio/ch/Util$BufferCache done
Event: 0.206 loading class java/nio/DirectByteBuffer$Deallocator
Event: 0.206 loading class java/nio/DirectByteBuffer$Deallocator done
Event: 0.207 loading class sun/nio/ch/IOStatus
Event: 0.207 loading class sun/nio/ch/IOStatus done
Event: 0.431 loading class jdk/internal/access/foreign/MemorySegmentProxy
Event: 0.431 loading class jdk/internal/access/foreign/MemorySegmentProxy done


Dynamic libraries:
0x00007ff779a20000 - 0x00007ff779a30000 	C:\Program Files\Java\jdk-17.0.2\bin\java.exe
0x00007ffae8130000 - 0x00007ffae831e000 	C:\Windows\SYSTEM32\ntdll.dll
0x00007ffae6860000 - 0x00007ffae6913000 	C:\Windows\System32\KERNEL32.DLL
0x00007ffae41a0000 - 0x00007ffae443d000 	C:\Windows\System32\KERNELBASE.dll
0x00007ffae4440000 - 0x00007ffae453a000 	C:\Windows\System32\ucrtbase.dll
0x00007ffad5960000 - 0x00007ffad597a000 	C:\Program Files\Java\jdk-17.0.2\bin\VCRUNTIME140.dll
0x00007ffad7c10000 - 0x00007ffad7c28000 	C:\Program Files\Java\jdk-17.0.2\bin\jli.dll
0x00007ffae7e30000 - 0x00007ffae7ed8000 	C:\Windows\System32\ADVAPI32.dll
0x00007ffae65f0000 - 0x00007ffae668e000 	C:\Windows\System32\msvcrt.dll
0x00007ffae5de0000 - 0x00007ffae5e82000 	C:\Windows\System32\sechost.dll
0x00007ffae57a0000 - 0x00007ffae58bd000 	C:\Windows\System32\RPCRT4.dll
0x00007ffae4d60000 - 0x00007ffae4d86000 	C:\Windows\System32\bcrypt.dll
0x00007ffae5e90000 - 0x00007ffae6027000 	C:\Windows\System32\USER32.dll
0x00007ffabe660000 - 0x00007ffabe8d9000 	C:\Windows\WinSxS\amd64_microsoft.windows.common-controls_6595b64144ccf1df_6.0.17763.5576_none_de7462b453487ecb\COMCTL32.dll
0x00007ffae6280000 - 0x00007ffae65ab000 	C:\Windows\System32\combase.dll
0x00007ffae4d40000 - 0x00007ffae4d60000 	C:\Windows\System32\win32u.dll
0x00007ffae65b0000 - 0x00007ffae65d9000 	C:\Windows\System32\GDI32.dll
0x00007ffae4d90000 - 0x00007ffae4e12000 	C:\Windows\System32\bcryptPrimitives.dll
0x00007ffae4e70000 - 0x00007ffae501a000 	C:\Windows\System32\gdi32full.dll
0x00007ffae5020000 - 0x00007ffae50c0000 	C:\Windows\System32\msvcp_win.dll
0x00007ffadbf10000 - 0x00007ffadbf1a000 	C:\Windows\SYSTEM32\VERSION.dll
0x00007ffae6830000 - 0x00007ffae685e000 	C:\Windows\System32\IMM32.DLL
0x00007ffad7bc0000 - 0x00007ffad7bcc000 	C:\Program Files\Java\jdk-17.0.2\bin\vcruntime140_1.dll
0x00007ffab91e0000 - 0x00007ffab926d000 	C:\Program Files\Java\jdk-17.0.2\bin\msvcp140.dll
0x00007ffaa5fe0000 - 0x00007ffaa6ba1000 	C:\Program Files\Java\jdk-17.0.2\bin\server\jvm.dll
0x00007ffae65e0000 - 0x00007ffae65e8000 	C:\Windows\System32\PSAPI.DLL
0x00007ffadf890000 - 0x00007ffadf8b4000 	C:\Windows\SYSTEM32\WINMM.dll
0x00007ffac1920000 - 0x00007ffac1929000 	C:\Windows\SYSTEM32\WSOCK32.dll
0x00007ffae6100000 - 0x00007ffae616d000 	C:\Windows\System32\WS2_32.dll
0x00007ffadf860000 - 0x00007ffadf88d000 	C:\Windows\SYSTEM32\winmmbase.dll
0x00007ffae4e20000 - 0x00007ffae4e6a000 	C:\Windows\System32\cfgmgr32.dll
0x00007ffae40b0000 - 0x00007ffae40c1000 	C:\Windows\System32\kernel.appcore.dll
0x00007ffad5950000 - 0x00007ffad595a000 	C:\Program Files\Java\jdk-17.0.2\bin\jimage.dll
0x00007ffae29d0000 - 0x00007ffae2bbd000 	C:\Windows\SYSTEM32\DBGHELP.DLL
0x00007ffaca670000 - 0x00007ffaca69a000 	C:\Windows\SYSTEM32\dbgcore.DLL
0x00007ffadc5d0000 - 0x00007ffadc60b000 	C:\Program Files\Java\jdk-17.0.2\bin\jdwp.dll
0x00007ffae0bf0000 - 0x00007ffae0bfe000 	C:\Program Files\Java\jdk-17.0.2\bin\instrument.dll
0x00007ffad4b20000 - 0x00007ffad4b45000 	C:\Program Files\Java\jdk-17.0.2\bin\java.dll
0x00007ffac8320000 - 0x00007ffac8338000 	C:\Program Files\Java\jdk-17.0.2\bin\zip.dll
0x00007ffab9100000 - 0x00007ffab91d6000 	C:\Program Files\Java\jdk-17.0.2\bin\jsvml.dll
0x00007ffae6930000 - 0x00007ffae7e28000 	C:\Windows\System32\SHELL32.dll
0x00007ffae7fc0000 - 0x00007ffae8067000 	C:\Windows\System32\shcore.dll
0x00007ffae45f0000 - 0x00007ffae4d37000 	C:\Windows\System32\windows.storage.dll
0x00007ffae40d0000 - 0x00007ffae40f3000 	C:\Windows\System32\profapi.dll
0x00007ffae4120000 - 0x00007ffae417d000 	C:\Windows\System32\powrprof.dll
0x00007ffae67d0000 - 0x00007ffae6822000 	C:\Windows\System32\shlwapi.dll
0x00007ffae4180000 - 0x00007ffae419b000 	C:\Windows\System32\cryptsp.dll
0x00007ffae0630000 - 0x00007ffae063c000 	C:\Program Files\Java\jdk-17.0.2\bin\dt_socket.dll
0x00007ffae3570000 - 0x00007ffae35ad000 	C:\Windows\SYSTEM32\IPHLPAPI.DLL
0x00007ffae3850000 - 0x00007ffae38b7000 	C:\Windows\system32\mswsock.dll
0x00007ffad4b00000 - 0x00007ffad4b19000 	C:\Program Files\Java\jdk-17.0.2\bin\net.dll
0x00007ffad53e0000 - 0x00007ffad54dd000 	C:\Windows\SYSTEM32\WINHTTP.dll
0x00007ffaca150000 - 0x00007ffaca166000 	C:\Program Files\Java\jdk-17.0.2\bin\nio.dll

dbghelp: loaded successfully - version: 4.0.5 - missing functions: none
symbol engine: initialized successfully - sym options: 0x614 - pdb path: .;C:\Program Files\Java\jdk-17.0.2\bin;C:\Windows\SYSTEM32;C:\Windows\WinSxS\amd64_microsoft.windows.common-controls_6595b64144ccf1df_6.0.17763.5576_none_de7462b453487ecb;C:\Program Files\Java\jdk-17.0.2\bin\server

VM Arguments:
jvm_args: -agentlib:jdwp=transport=dt_socket,address=127.0.0.1:13078,suspend=y,server=n -javaagent:C:\Users\vscode\AppData\Local\JetBrains\IdeaIC2022.1\captureAgent\debugger-agent.jar -Dfile.encoding=UTF-8 
java_command: Main
java_class_path (initial): D:\PracticeTask\Task1\target\classes;C:\Users\vscode\.m2\repository\org\json\json\20160810\json-20160810.jar;C:\Users\vscode\.m2\repository\com\google\guava\guava\30.1-jre\guava-30.1-jre.jar;C:\Users\vscode\.m2\repository\com\google\guava\failureaccess\1.0.1\failureaccess-1.0.1.jar;C:\Users\vscode\.m2\repository\com\google\guava\listenablefuture\9999.0-empty-to-avoid-conflict-with-guava\listenablefuture-9999.0-empty-to-avoid-conflict-with-guava.jar;C:\Users\vscode\.m2\repository\com\google\code\findbugs\jsr305\3.0.2\jsr305-3.0.2.jar;C:\Users\vscode\.m2\repository\org\checkerframework\checker-qual\3.5.0\checker-qual-3.5.0.jar;C:\Users\vscode\.m2\repository\com\google\errorprone\error_prone_annotations\2.3.4\error_prone_annotations-2.3.4.jar;C:\Users\vscode\.m2\repository\com\google\j2objc\j2objc-annotations\1.3\j2objc-annotations-1.3.jar;C:\Users\vscode\.m2\repository\com\fasterxml\jackson\core\jackson-databind\2.13.0\jackson-databind-2.13.0.jar;C:\Users\vscode\.m2\repository\com\fasterxml\jackson\core\jackson-annotations\2.13.0\jackson-annotations-2.13.0.jar;C:\Users\vscode\.m2\repository\com\fasterxml\jackson\core\jackson-core\2.13.0\jackson-core-2.13.0.jar;C:\Users\vscode\.m2\repository\com\google\code\gson\gson\2.8.6\gson-2.8.6.jar;D:\Intell IJ\IntelliJ IDEA Community Edition 2022.1.1\lib\idea_rt.jar
Launcher Type: SUN_STANDARD

[Global flags]
     intx CICompilerCount                          = 4                                         {product} {ergonomic}
     uint ConcGCThreads                            = 2                                         {product} {ergonomic}
     uint G1ConcRefinementThreads                  = 8                                         {product} {ergonomic}
   size_t G1HeapRegionSize                         = 2097152                                   {product} {ergonomic}
    uintx GCDrainStackTargetSize                   = 64                                        {product} {ergonomic}
   size_t InitialHeapSize                          = 266338304                                 {product} {ergonomic}
   size_t MarkStackSize                            = 4194304                                   {product} {ergonomic}
   size_t MaxHeapSize                              = 4234149888                                {product} {ergonomic}
   size_t MaxNewSize                               = 2539651072                                {product} {ergonomic}
   size_t MinHeapDeltaBytes                        = 2097152                                   {product} {ergonomic}
   size_t MinHeapSize                              = 8388608                                   {product} {ergonomic}
    uintx NonNMethodCodeHeapSize                   = 5839372                                {pd product} {ergonomic}
    uintx NonProfiledCodeHeapSize                  = 122909434                              {pd product} {ergonomic}
    uintx ProfiledCodeHeapSize                     = 122909434                              {pd product} {ergonomic}
    uintx ReservedCodeCacheSize                    = 251658240                              {pd product} {ergonomic}
     bool SegmentedCodeCache                       = true                                      {product} {ergonomic}
   size_t SoftMaxHeapSize                          = 4234149888                             {manageable} {ergonomic}
     bool UseCompressedClassPointers               = true                           {product lp64_product} {ergonomic}
     bool UseCompressedOops                        = true                           {product lp64_product} {ergonomic}
     bool UseG1GC                                  = true                                      {product} {ergonomic}
     bool UseLargePagesIndividualAllocation        = false                                  {pd product} {ergonomic}

Logging:
Log output configuration:
 #0: stdout all=warning uptime,level,tags
 #1: stderr all=off uptime,level,tags

Environment Variables:
JAVA_HOME=C:\Program Files\Java\jdk-20
PATH=D:\OracleXE21C\dbhomeXE\bin;C:\Downloads\WINDOWS.X64_193000_db_home\bin;D:\OracleDataBase\dbhomeXE\bin;C:\Users\vscode\Downloads\WINDOWS.X64_213000_db_home\bin;C:\Program Files\Common Files\Oracle\Java\javapath;C:\Program Files (x86)\Common Files\Oracle\Java\javapath;C:\Program Files (x86)\Embarcadero\Studio\20.0\bin;C:\Users\Public\Documents\Embarcadero\Studio\20.0\Bpl;C:\Program Files (x86)\Embarcadero\Studio\20.0\bin64;C:\Users\Public\Documents\Embarcadero\Studio\20.0\Bpl\Win64;C:\Windows\system32;C:\Windows;C:\Windows\System32\Wbem;C:\Windows\System32\WindowsPowerShell\v1.0\;C:\Windows\System32\OpenSSH\;C:\Program Files\Microsoft SQL Server\120\Tools\Binn\;C:\Program Files (x86)\Windows Kits\10\Windows Performance Toolkit\;C:\Program Files\Microsoft SQL Server\130\Tools\Binn\;D:\QuickTIme\QTSystem\;D:\nodejs\;D:\GIT(bash)\Git\cmd;C:\Program Files\dotnet\;C:\Program Files\Microsoft SQL Server\150\Tools\Binn\;C:\Program Files\Microsoft SQL Server\Client SDK\ODBC\170\Tools\Binn\;C:\Program Files (x86)\dotnet\;C:\Program Files\Java\jdk-20\bin;C:\Program Files (x86)\PuTTY\;C:\ProgramData\chocolatey\bin;C:\Users\vscode\AppData\Local\Programs\Python\Python310\Scripts\;C:\Users\vscode\AppData\Local\Programs\Python\Python310\;C:\Users\vscode\AppData\Local\Microsoft\WindowsApps;D:\VSCODE(вторая уч запись)\VS code\Microsoft VS Code\bin;C:\Users\Нгуен\AppData\Local\GitHubDesktop\bin;C:\Downloads\Oracle;D:\Brackets.io\;C:\Users\vscode\.dotnet\tools;C:\MinGW\bin;C:\ProgramData\chocolatey;
USERNAME=vscode
OS=Windows_NT
PROCESSOR_IDENTIFIER=Intel64 Family 6 Model 126 Stepping 5, GenuineIntel



---------------  S Y S T E M  ---------------

OS:
 Windows 10 , 64 bit Build 17763 (10.0.17763.4974)
OS uptime: 15 days 19:09 hours
Hyper-V role detected

CPU: total 8 (initial active 8) (4 cores per cpu, 2 threads per core) family 6 model 126 stepping 5 microcode 0xc2, cx8, cmov, fxsr, ht, mmx, 3dnowpref, sse, sse2, sse3, ssse3, sse4.1, sse4.2, popcnt, lzcnt, tsc, tscinvbit, avx, avx2, aes, erms, clmul, bmi1, bmi2, adx, avx512f, avx512dq, avx512cd, avx512bw, avx512vl, sha, fma, vzeroupper, avx512_vpopcntdq, avx512_vpclmulqdq, avx512_vaes, avx512_vnni, clflush, clflushopt, avx512_vbmi2, avx512_vbmi, hv

Memory: 4k page, system-wide physical 16151M (5816M free)
TotalPageFile size 18199M (AvailPageFile size 90M)
current process WorkingSet (physical memory assigned to process): 221M, peak: 221M
current process commit charge ("private bytes"): 368M, peak: 622M

vm_info: Java HotSpot(TM) 64-Bit Server VM (17.0.2+8-LTS-86) for windows-amd64 JRE (17.0.2+8-LTS-86), built on Dec  7 2021 21:51:03 by "mach5one" with MS VC++ 16.8 / 16.9 (VS2019)

END.
