#
# There is insufficient memory for the Java Runtime Environment to continue.
# Native memory allocation (mmap) failed to map 266338304 bytes for G1 virtual space
# Possible reasons:
#   The system is out of physical RAM or swap space
#   The process is running with CompressedOops enabled, and the Java Heap may be blocking the growth of the native heap
# Possible solutions:
#   Reduce memory load on the system
#   Increase physical memory or swap space
#   Check if swap backing store is full
#   Decrease Java heap size (-Xmx/-Xms)
#   Decrease number of Java threads
#   Decrease Java thread stack sizes (-Xss)
#   Set larger code cache with -XX:ReservedCodeCacheSize=
#   JVM is running with Zero Based Compressed Oops mode in which the Java heap is
#     placed in the first 32GB address space. The Java Heap base address is the
#     maximum limit for the native heap growth. Please use -XX:HeapBaseMinAddress
#     to set the Java Heap base and to place the Java Heap above 32GB virtual address.
# This output file may be truncated or incomplete.
#
#  Out of Memory Error (os_windows.cpp:3532), pid=708, tid=21148
#
# JRE version:  (17.0.2+8) (build )
# Java VM: Java HotSpot(TM) 64-Bit Server VM (17.0.2+8-LTS-86, mixed mode, sharing, tiered, compressed oops, compressed class ptrs, g1 gc, windows-amd64)
# No core dump will be written. Minidumps are not enabled by default on client versions of Windows
#

---------------  S U M M A R Y ------------

Command Line: -javaagent:D:\Intell IJ\IntelliJ IDEA Community Edition 2022.1.1\lib\idea_rt.jar=10249:D:\Intell IJ\IntelliJ IDEA Community Edition 2022.1.1\bin -Dfile.encoding=UTF-8 Main

Host: Intel(R) Core(TM) i7-1065G7 CPU @ 1.30GHz, 8 cores, 15G,  Windows 10 , 64 bit Build 17763 (10.0.17763.4974)
Time: Wed Mar 27 18:32:45 2024 Беларусь (зима) elapsed time: 0.010448 seconds (0d 0h 0m 0s)

---------------  T H R E A D  ---------------

Current thread (0x0000026e19faa1c0):  JavaThread "Unknown thread" [_thread_in_vm, id=21148, stack(0x0000007ede700000,0x0000007ede800000)]

Stack: [0x0000007ede700000,0x0000007ede800000]
Native frames: (J=compiled Java code, j=interpreted, Vv=VM code, C=native code)
V  [jvm.dll+0x670baa]
V  [jvm.dll+0x7cfcb4]
V  [jvm.dll+0x7d145e]
V  [jvm.dll+0x7d1ac3]
V  [jvm.dll+0x242bc5]
V  [jvm.dll+0x66dac9]
V  [jvm.dll+0x662412]
V  [jvm.dll+0x300c0b]
V  [jvm.dll+0x3081a6]
V  [jvm.dll+0x357d0e]
V  [jvm.dll+0x357f3f]
V  [jvm.dll+0x2d7ec8]
V  [jvm.dll+0x2d8e34]
V  [jvm.dll+0x7a18c1]
V  [jvm.dll+0x365a91]
V  [jvm.dll+0x780d2c]
V  [jvm.dll+0x3e845f]
V  [jvm.dll+0x3e9f01]
C  [jli.dll+0x527b]
C  [ucrtbase.dll+0x2268a]
C  [KERNEL32.DLL+0x17ac4]
C  [ntdll.dll+0x5a4e1]


---------------  P R O C E S S  ---------------

Threads class SMR info:
_java_thread_list=0x00007ffaa54f9858, length=0, elements={
}

Java Threads: ( => current thread )

Other Threads:
  0x0000026e19ff90d0 GCTaskThread "GC Thread#0" [stack: 0x0000007ede800000,0x0000007ede900000] [id=15856]
  0x0000026e1a00ab80 ConcurrentGCThread "G1 Main Marker" [stack: 0x0000007ede900000,0x0000007edea00000] [id=5616]
  0x0000026e1a00c060 ConcurrentGCThread "G1 Conc#0" [stack: 0x0000007edea00000,0x0000007edeb00000] [id=9492]

[error occurred during error reporting (printing all threads), id 0xc0000005, EXCEPTION_ACCESS_VIOLATION (0xc0000005) at pc=0x00007ffaa4d488a7]

VM state: not at safepoint (not fully initialized)

VM Mutex/Monitor currently owned by a thread:  ([mutex/lock_event])
[0x0000026e19fa6a30] Heap_lock - owner thread: 0x0000026e19faa1c0

Heap address: 0x0000000703a00000, size: 4038 MB, Compressed Oops mode: Zero based, Oop shift amount: 3

CDS archive(s) mapped at: [0x0000000000000000-0x0000000000000000-0x0000000000000000), size 0, SharedBaseAddress: 0x0000000800000000, ArchiveRelocationMode: 0.
Narrow klass base: 0x0000000000000000, Narrow klass shift: 0, Narrow klass range: 0x0

GC Precious Log:
<Empty>

Heap:
 garbage-first heap   total 0K, used 0K [0x0000000703a00000, 0x0000000800000000)
  region size 2048K, 0 young (0K), 0 survivors (0K)

[error occurred during error reporting (printing heap information), id 0xc0000005, EXCEPTION_ACCESS_VIOLATION (0xc0000005) at pc=0x00007ffaa5129f19]

GC Heap History (0 events):
No events

Deoptimization events (0 events):
No events

Classes unloaded (0 events):
No events

Classes redefined (0 events):
No events

Internal exceptions (0 events):
No events

VM Operations (0 events):
No events

Events (1 events):
Event: 0.005 Loaded shared library C:\Program Files\Java\jdk-17.0.2\bin\java.dll


Dynamic libraries:
0x00007ff7824f0000 - 0x00007ff782500000 	C:\Program Files\Java\jdk-17.0.2\bin\java.exe
0x00007ffae8130000 - 0x00007ffae831e000 	C:\Windows\SYSTEM32\ntdll.dll
0x00007ffae6860000 - 0x00007ffae6913000 	C:\Windows\System32\KERNEL32.DLL
0x00007ffae41a0000 - 0x00007ffae443d000 	C:\Windows\System32\KERNELBASE.dll
0x00007ffae4440000 - 0x00007ffae453a000 	C:\Windows\System32\ucrtbase.dll
0x00007ffae0670000 - 0x00007ffae0688000 	C:\Program Files\Java\jdk-17.0.2\bin\jli.dll
0x00007ffae0630000 - 0x00007ffae064a000 	C:\Program Files\Java\jdk-17.0.2\bin\VCRUNTIME140.dll
0x00007ffae7e30000 - 0x00007ffae7ed8000 	C:\Windows\System32\ADVAPI32.dll
0x00007ffae65f0000 - 0x00007ffae668e000 	C:\Windows\System32\msvcrt.dll
0x00007ffae5de0000 - 0x00007ffae5e82000 	C:\Windows\System32\sechost.dll
0x00007ffae57a0000 - 0x00007ffae58bd000 	C:\Windows\System32\RPCRT4.dll
0x00007ffae4d60000 - 0x00007ffae4d86000 	C:\Windows\System32\bcrypt.dll
0x00007ffae5e90000 - 0x00007ffae6027000 	C:\Windows\System32\USER32.dll
0x00007ffae4d40000 - 0x00007ffae4d60000 	C:\Windows\System32\win32u.dll
0x00007ffabe660000 - 0x00007ffabe8d9000 	C:\Windows\WinSxS\amd64_microsoft.windows.common-controls_6595b64144ccf1df_6.0.17763.5576_none_de7462b453487ecb\COMCTL32.dll
0x00007ffae65b0000 - 0x00007ffae65d9000 	C:\Windows\System32\GDI32.dll
0x00007ffae6280000 - 0x00007ffae65ab000 	C:\Windows\System32\combase.dll
0x00007ffae4e70000 - 0x00007ffae501a000 	C:\Windows\System32\gdi32full.dll
0x00007ffae4d90000 - 0x00007ffae4e12000 	C:\Windows\System32\bcryptPrimitives.dll
0x00007ffae5020000 - 0x00007ffae50c0000 	C:\Windows\System32\msvcp_win.dll
0x00007ffadbf10000 - 0x00007ffadbf1a000 	C:\Windows\SYSTEM32\VERSION.dll
0x00007ffae6830000 - 0x00007ffae685e000 	C:\Windows\System32\IMM32.DLL
0x00007ffae06a0000 - 0x00007ffae06ac000 	C:\Program Files\Java\jdk-17.0.2\bin\vcruntime140_1.dll
0x00007ffad09f0000 - 0x00007ffad0a7d000 	C:\Program Files\Java\jdk-17.0.2\bin\msvcp140.dll
0x00007ffaa4a60000 - 0x00007ffaa5621000 	C:\Program Files\Java\jdk-17.0.2\bin\server\jvm.dll
0x00007ffae65e0000 - 0x00007ffae65e8000 	C:\Windows\System32\PSAPI.DLL
0x00007ffadf890000 - 0x00007ffadf8b4000 	C:\Windows\SYSTEM32\WINMM.dll
0x00007ffac1920000 - 0x00007ffac1929000 	C:\Windows\SYSTEM32\WSOCK32.dll
0x00007ffae6100000 - 0x00007ffae616d000 	C:\Windows\System32\WS2_32.dll
0x00007ffadf860000 - 0x00007ffadf88d000 	C:\Windows\SYSTEM32\WINMMBASE.dll
0x00007ffae4e20000 - 0x00007ffae4e6a000 	C:\Windows\System32\cfgmgr32.dll
0x00007ffae40b0000 - 0x00007ffae40c1000 	C:\Windows\System32\kernel.appcore.dll
0x00007ffae0660000 - 0x00007ffae066a000 	C:\Program Files\Java\jdk-17.0.2\bin\jimage.dll
0x00007ffae29d0000 - 0x00007ffae2bbd000 	C:\Windows\SYSTEM32\DBGHELP.DLL
0x00007ffaca670000 - 0x00007ffaca69a000 	C:\Windows\SYSTEM32\dbgcore.DLL
0x00007ffadc1c0000 - 0x00007ffadc1ce000 	C:\Program Files\Java\jdk-17.0.2\bin\instrument.dll
0x00007ffadd820000 - 0x00007ffadd845000 	C:\Program Files\Java\jdk-17.0.2\bin\java.dll

dbghelp: loaded successfully - version: 4.0.5 - missing functions: none
symbol engine: initialized successfully - sym options: 0x614 - pdb path: .;C:\Program Files\Java\jdk-17.0.2\bin;C:\Windows\SYSTEM32;C:\Windows\WinSxS\amd64_microsoft.windows.common-controls_6595b64144ccf1df_6.0.17763.5576_none_de7462b453487ecb;C:\Program Files\Java\jdk-17.0.2\bin\server

VM Arguments:
jvm_args: -javaagent:D:\Intell IJ\IntelliJ IDEA Community Edition 2022.1.1\lib\idea_rt.jar=10249:D:\Intell IJ\IntelliJ IDEA Community Edition 2022.1.1\bin -Dfile.encoding=UTF-8 
java_command: Main
java_class_path (initial): D:\PracticeTask\Task1\target\classes
Launcher Type: SUN_STANDARD

[Global flags]
     intx CICompilerCount                          = 4                                         {product} {ergonomic}
     uint ConcGCThreads                            = 2                                         {product} {ergonomic}
     uint G1ConcRefinementThreads                  = 8                                         {product} {ergonomic}
   size_t G1HeapRegionSize                         = 2097152                                   {product} {ergonomic}
    uintx GCDrainStackTargetSize                   = 64                                        {product} {ergonomic}
   size_t InitialHeapSize                          = 266338304                                 {product} {ergonomic}
   size_t MarkStackSize                            = 4194304                                   {product} {ergonomic}
   size_t MaxHeapSize                              = 4234149888                                {product} {ergonomic}
   size_t MinHeapDeltaBytes                        = 2097152                                   {product} {ergonomic}
   size_t MinHeapSize                              = 8388608                                   {product} {ergonomic}
    uintx NonNMethodCodeHeapSize                   = 5839372                                {pd product} {ergonomic}
    uintx NonProfiledCodeHeapSize                  = 122909434                              {pd product} {ergonomic}
    uintx ProfiledCodeHeapSize                     = 122909434                              {pd product} {ergonomic}
    uintx ReservedCodeCacheSize                    = 251658240                              {pd product} {ergonomic}
     bool SegmentedCodeCache                       = true                                      {product} {ergonomic}
   size_t SoftMaxHeapSize                          = 4234149888                             {manageable} {ergonomic}
     bool UseCompressedClassPointers               = true                           {product lp64_product} {ergonomic}
     bool UseCompressedOops                        = true                           {product lp64_product} {ergonomic}
     bool UseG1GC                                  = true                                      {product} {ergonomic}
     bool UseLargePagesIndividualAllocation        = false                                  {pd product} {ergonomic}

Logging:
Log output configuration:
 #0: stdout all=warning uptime,level,tags
 #1: stderr all=off uptime,level,tags

Environment Variables:
JAVA_HOME=C:\Program Files\Java\jdk-20
PATH=D:\OracleXE21C\dbhomeXE\bin;C:\Downloads\WINDOWS.X64_193000_db_home\bin;D:\OracleDataBase\dbhomeXE\bin;C:\Users\vscode\Downloads\WINDOWS.X64_213000_db_home\bin;C:\Program Files\Common Files\Oracle\Java\javapath;C:\Program Files (x86)\Common Files\Oracle\Java\javapath;C:\Program Files (x86)\Embarcadero\Studio\20.0\bin;C:\Users\Public\Documents\Embarcadero\Studio\20.0\Bpl;C:\Program Files (x86)\Embarcadero\Studio\20.0\bin64;C:\Users\Public\Documents\Embarcadero\Studio\20.0\Bpl\Win64;C:\Windows\system32;C:\Windows;C:\Windows\System32\Wbem;C:\Windows\System32\WindowsPowerShell\v1.0\;C:\Windows\System32\OpenSSH\;C:\Program Files\Microsoft SQL Server\120\Tools\Binn\;C:\Program Files (x86)\Windows Kits\10\Windows Performance Toolkit\;C:\Program Files\Microsoft SQL Server\130\Tools\Binn\;D:\QuickTIme\QTSystem\;D:\nodejs\;D:\GIT(bash)\Git\cmd;C:\Program Files\dotnet\;C:\Program Files\Microsoft SQL Server\150\Tools\Binn\;C:\Program Files\Microsoft SQL Server\Client SDK\ODBC\170\Tools\Binn\;C:\Program Files (x86)\dotnet\;C:\Program Files\Java\jdk-20\bin;C:\Program Files (x86)\PuTTY\;C:\ProgramData\chocolatey\bin;C:\Users\vscode\AppData\Local\Programs\Python\Python310\Scripts\;C:\Users\vscode\AppData\Local\Programs\Python\Python310\;C:\Users\vscode\AppData\Local\Microsoft\WindowsApps;D:\VSCODE(вторая уч запись)\VS code\Microsoft VS Code\bin;C:\Users\Нгуен\AppData\Local\GitHubDesktop\bin;C:\Downloads\Oracle;D:\Brackets.io\;C:\Users\vscode\.dotnet\tools;C:\MinGW\bin;C:\ProgramData\chocolatey;
USERNAME=vscode
OS=Windows_NT
PROCESSOR_IDENTIFIER=Intel64 Family 6 Model 126 Stepping 5, GenuineIntel



---------------  S Y S T E M  ---------------

OS:
 Windows 10 , 64 bit Build 17763 (10.0.17763.4974)
OS uptime: 10 days 1:58 hours
Hyper-V role detected

CPU: total 8 (initial active 8) (4 cores per cpu, 2 threads per core) family 6 model 126 stepping 5 microcode 0xc2, cx8, cmov, fxsr, ht, mmx, 3dnowpref, sse, sse2, sse3, ssse3, sse4.1, sse4.2, popcnt, lzcnt, tsc, tscinvbit, avx, avx2, aes, erms, clmul, bmi1, bmi2, adx, avx512f, avx512dq, avx512cd, avx512bw, avx512vl, sha, fma, vzeroupper, avx512_vpopcntdq, avx512_vpclmulqdq, avx512_vaes, avx512_vnni, clflush, clflushopt, avx512_vbmi2, avx512_vbmi, hv

Memory: 4k page, system-wide physical 16151M (4354M free)
TotalPageFile size 18199M (AvailPageFile size 89M)
current process WorkingSet (physical memory assigned to process): 10M, peak: 10M
current process commit charge ("private bytes"): 60M, peak: 314M

vm_info: Java HotSpot(TM) 64-Bit Server VM (17.0.2+8-LTS-86) for windows-amd64 JRE (17.0.2+8-LTS-86), built on Dec  7 2021 21:51:03 by "mach5one" with MS VC++ 16.8 / 16.9 (VS2019)

END.
