апр. 04, 2024 10:48:17 AM Main getData
INFO: Чтение из файла: D:\PracticeTask\nginx\access.log
апр. 04, 2024 10:48:18 AM Main getData
INFO: Данные успешно прочитаны из файла D:\PracticeTask\nginx\access.log
апр. 04, 2024 10:48:18 AM Main getData
INFO: Чтение из файла: D:\PracticeTask\tomсat\localhost_access_log.2024-03-05.txt
апр. 04, 2024 10:48:18 AM Main getData
INFO: Данные успешно прочитаны из файла D:\PracticeTask\tomсat\localhost_access_log.2024-03-05.txt
апр. 04, 2024 10:48:18 AM Main getData
INFO: Чтение из файла: D:\PracticeTask\mysql\mysql-slow.log
апр. 04, 2024 10:48:18 AM Main getData
INFO: Данные успешно прочитаны из файла D:\PracticeTask\mysql\mysql-slow.log
апр. 04, 2024 10:48:22 AM Main matchedRequests
INFO: Соответствующие данные успешно добавлены в файл!
апр. 04, 2024 10:48:22 AM Main matchedRequests
INFO: Соответствующие данные успешно добавлены в файл!
апр. 04, 2024 10:48:22 AM Main matchedRequests
INFO: Соответствующие данные успешно добавлены в файл!
апр. 04, 2024 10:48:22 AM Main matchedRequests
INFO: Соответствующие данные успешно добавлены в файл!
апр. 04, 2024 10:48:22 AM Main matchedRequests
INFO: Соответствующие данные успешно добавлены в файл!
апр. 04, 2024 10:48:22 AM Main matchedRequests
INFO: Соответствующие данные успешно добавлены в файл!
апр. 04, 2024 10:48:22 AM Main matchedRequests
INFO: Соответствующие данные успешно добавлены в файл!
апр. 04, 2024 10:48:22 AM Main matchedRequests
INFO: Соответствующие данные успешно добавлены в файл!
апр. 04, 2024 10:48:23 AM Main matchedRequests
INFO: Соответствующие данные успешно добавлены в файл!
апр. 04, 2024 10:48:23 AM Main matchedRequests
INFO: Соответствующие данные успешно добавлены в файл!
апр. 04, 2024 10:48:23 AM Main matchedRequests
INFO: Соответствующие данные успешно добавлены в файл!
апр. 04, 2024 10:48:23 AM Main matchedRequests
INFO: Соответствующие данные успешно добавлены в файл!
апр. 04, 2024 10:48:23 AM Main matchedRequests
INFO: Соответствующие данные успешно добавлены в файл!
апр. 04, 2024 10:48:23 AM Main matchedRequests
INFO: Соответствующие данные успешно добавлены в файл!
апр. 04, 2024 10:48:23 AM Main matchedRequests
INFO: Соответствующие данные успешно добавлены в файл!
апр. 04, 2024 10:48:23 AM Main matchedRequests
INFO: Соответствующие данные успешно добавлены в файл!
апр. 04, 2024 10:48:23 AM Main matchedRequests
INFO: Соответствующие данные успешно добавлены в файл!
апр. 04, 2024 10:48:23 AM Main matchedRequests
INFO: Соответствующие данные успешно добавлены в файл!
апр. 04, 2024 10:48:23 AM Main matchedRequests
INFO: Соответствующие данные успешно добавлены в файл!
апр. 04, 2024 10:48:23 AM Main matchedRequests
INFO: Соответствующие данные успешно добавлены в файл!
апр. 04, 2024 10:48:23 AM Main matchedRequests
INFO: Соответствующие данные успешно добавлены в файл!
апр. 04, 2024 10:48:23 AM Main matchedRequests
INFO: Соответствующие данные успешно добавлены в файл!
апр. 04, 2024 10:48:23 AM Main matchedRequests
INFO: Соответствующие данные успешно добавлены в файл!
апр. 04, 2024 10:48:23 AM Main matchedRequests
INFO: Соответствующие данные успешно добавлены в файл!
апр. 04, 2024 10:48:23 AM Main matchedRequests
INFO: Соответствующие данные успешно добавлены в файл!
апр. 04, 2024 10:48:23 AM Main writeToJSON
INFO: Объекты были добавлены в JSON file.
апр. 04, 2024 10:48:38 AM Main FindOutOfPeriod
INFO: Данные по соответствующему периоданы найдены и добавлены в JSON.
апр. 04, 2024 10:48:38 AM Main FindOutOfPeriod
INFO: Данные по соответствующему периоданы найдены и добавлены в JSON.
апр. 04, 2024 10:48:38 AM Main FindOutOfPeriod
INFO: Данные по соответствующему периоданы найдены и добавлены в JSON.
апр. 04, 2024 10:48:38 AM Main FindOutOfPeriod
INFO: Данные по соответствующему периоданы найдены и добавлены в JSON.
апр. 04, 2024 10:48:38 AM Main writeToJSON
INFO: Объекты были добавлены в JSON file.
